# mahimahi mm-link (Downlink) [1mbps_ack.trace] > ../experiment_logs/BBR_1/1mbps_acklink.log
# command line: 'mm-link' '1mbps_data.trace' '1mbps_ack.trace' '--uplink-log=../experiment_logs/BBR_1/1mbps_datalink.log' '--downlink-log=../experiment_logs/BBR_1/1mbps_acklink.log' '--' 'python2' '../src/experiments/tunnel_manager_modified.py' '--auto-test' '--scheme' 'brr' '--data-dir' 'experiment_logs/50mbps_cubic'
# queue: infinite
# init timestamp: 1744870522857
# base timestamp: 39
# mahimahi config: [delay 10 ms] [link] 
41 + 80
41 + 52
41 + 80
50 # 1504
50 - 80 9
50 - 52 9
50 - 80 9
62 # 1504
74 # 1504
86 # 1504
98 # 1504
110 # 1504
122 # 1504
134 # 1504
146 # 1504
158 # 1504
170 # 1504
182 # 1504
194 # 1504
206 # 1504
218 # 1504
230 # 1504
242 # 1504
254 # 1504
266 # 1504
278 # 1504
290 # 1504
302 # 1504
314 # 1504
326 # 1504
338 # 1504
350 # 1504
362 # 1504
366 + 80
374 # 1504
374 - 80 8
386 # 1504
398 # 1504
410 # 1504
422 # 1504
434 # 1504
446 # 1504
458 # 1504
470 # 1504
482 # 1504
494 # 1504
506 # 1504
518 # 1504
530 # 1504
542 # 1504
554 # 1504
566 # 1504
578 # 1504
590 # 1504
602 # 1504
614 # 1504
626 # 1504
638 # 1504
650 # 1504
662 # 1504
674 # 1504
686 # 1504
698 # 1504
710 # 1504
722 # 1504
734 # 1504
746 # 1504
758 # 1504
770 # 1504
782 # 1504
794 # 1504
806 # 1504
818 # 1504
830 # 1504
842 # 1504
846 + 80
854 # 1504
854 - 80 8
866 # 1504
878 # 1504
890 # 1504
902 # 1504
914 # 1504
926 # 1504
938 # 1504
950 # 1504
962 # 1504
974 # 1504
986 # 1504
998 # 1504
1010 # 1504
1022 # 1504
1034 # 1504
1046 # 1504
1058 # 1504
1070 # 1504
1082 # 1504
1094 # 1504
1106 # 1504
1118 # 1504
1130 # 1504
1142 # 1504
1154 # 1504
1166 # 1504
1178 # 1504
1190 # 1504
1202 # 1504
1214 # 1504
1226 # 1504
1238 # 1504
1250 # 1504
1262 # 1504
1274 # 1504
1286 # 1504
1298 # 1504
1310 # 1504
1322 # 1504
1334 # 1504
1346 # 1504
1358 # 1504
1370 # 1504
1382 # 1504
1394 # 1504
1406 # 1504
1418 # 1504
1430 # 1504
1442 # 1504
1454 # 1504
1466 # 1504
1478 # 1504
1490 # 1504
1502 # 1504
1514 # 1504
1526 # 1504
1538 # 1504
1550 # 1504
1562 # 1504
1574 # 1504
1586 # 1504
1598 # 1504
1610 # 1504
1622 # 1504
1634 # 1504
1646 # 1504
1658 # 1504
1670 # 1504
1682 # 1504
1694 # 1504
1706 # 1504
1718 # 1504
1730 # 1504
1742 # 1504
1754 # 1504
1766 # 1504
1778 # 1504
1790 # 1504
1802 # 1504
1814 # 1504
1826 # 1504
1838 # 1504
1850 # 1504
1862 # 1504
1874 # 1504
1886 # 1504
1898 # 1504
1910 # 1504
1922 # 1504
1934 # 1504
1946 # 1504
1958 # 1504
1970 # 1504
1982 # 1504
1994 # 1504
2006 # 1504
2018 # 1504
2030 # 1504
2042 # 1504
2054 # 1504
2066 # 1504
2078 # 1504
2090 # 1504
2102 # 1504
2114 # 1504
2126 # 1504
2138 # 1504
2150 # 1504
2162 # 1504
2174 # 1504
2186 # 1504
2198 # 1504
2210 # 1504
2222 # 1504
2234 # 1504
2246 # 1504
2258 # 1504
2270 # 1504
2282 # 1504
2294 # 1504
2306 # 1504
2318 # 1504
2330 # 1504
2342 # 1504
2354 # 1504
2366 # 1504
2378 # 1504
2390 # 1504
2402 # 1504
2414 # 1504
2426 # 1504
2438 # 1504
2450 # 1504
2462 # 1504
2474 # 1504
2486 # 1504
2498 # 1504
2510 # 1504
2522 # 1504
2534 # 1504
2546 # 1504
2558 # 1504
2570 # 1504
2582 # 1504
2594 # 1504
2606 # 1504
2618 # 1504
2630 # 1504
2642 # 1504
2654 # 1504
2666 # 1504
2678 # 1504
2690 # 1504
2702 # 1504
2714 # 1504
2726 # 1504
2738 # 1504
2750 # 1504
2762 # 1504
2774 # 1504
2786 # 1504
2798 # 1504
2810 # 1504
2822 # 1504
2834 # 1504
2846 # 1504
2858 # 1504
2870 # 1504
2882 # 1504
2894 # 1504
2906 # 1504
2918 # 1504
2930 # 1504
2942 # 1504
2954 # 1504
2966 # 1504
2978 # 1504
2990 # 1504
3002 # 1504
3014 # 1504
3026 # 1504
3038 # 1504
3050 # 1504
3062 # 1504
3074 # 1504
3086 # 1504
3098 # 1504
3110 # 1504
3122 # 1504
3134 # 1504
3146 # 1504
3158 # 1504
3170 # 1504
3182 # 1504
3194 # 1504
3206 # 1504
3218 # 1504
3230 # 1504
3242 # 1504
3254 # 1504
3266 # 1504
3278 # 1504
3290 # 1504
3302 # 1504
3314 # 1504
3326 # 1504
3338 # 1504
3350 # 1504
3362 # 1504
3374 # 1504
3386 # 1504
3398 # 1504
3410 # 1504
3422 # 1504
3434 # 1504
3446 # 1504
3458 # 1504
3470 # 1504
3482 # 1504
3494 # 1504
3506 # 1504
3518 # 1504
3530 # 1504
3542 # 1504
3554 # 1504
3566 # 1504
3578 # 1504
3590 # 1504
3602 # 1504
3614 # 1504
3626 # 1504
3638 # 1504
3650 # 1504
3662 # 1504
3674 # 1504
3686 # 1504
3698 # 1504
3710 # 1504
3722 # 1504
3734 # 1504
3746 # 1504
3758 # 1504
3770 # 1504
3782 # 1504
3794 # 1504
3806 # 1504
3818 # 1504
3830 # 1504
3842 # 1504
3854 # 1504
3866 # 1504
3878 # 1504
3890 # 1504
3902 # 1504
3914 # 1504
3923 + 52
3926 # 1504
3926 - 52 3
3938 # 1504
3950 # 1504
3962 # 1504
3974 # 1504
3986 # 1504
3998 # 1504
4010 # 1504
4022 # 1504
4034 # 1504
4046 # 1504
4058 # 1504
4070 # 1504
4082 # 1504
4094 # 1504
4106 # 1504
4118 # 1504
4130 # 1504
4142 # 1504
4154 # 1504
4166 # 1504
4178 # 1504
4190 # 1504
4202 # 1504
4214 # 1504
4226 # 1504
4238 # 1504
4250 # 1504
4262 # 1504
4274 # 1504
4286 # 1504
4298 # 1504
4310 # 1504
4322 # 1504
4334 # 1504
4346 # 1504
4358 # 1504
4370 # 1504
4382 # 1504
4394 # 1504
4406 # 1504
4418 # 1504
4430 # 1504
4442 # 1504
4454 # 1504
4466 # 1504
4478 # 1504
4490 # 1504
4502 # 1504
4514 # 1504
4526 # 1504
4538 # 1504
4550 # 1504
4562 # 1504
4574 # 1504
4586 # 1504
4598 # 1504
4610 # 1504
4622 # 1504
4634 # 1504
4646 # 1504
4658 # 1504
4670 # 1504
4682 # 1504
4694 # 1504
4706 # 1504
4718 # 1504
4730 # 1504
4742 # 1504
4754 # 1504
4766 # 1504
4778 # 1504
4790 # 1504
4802 # 1504
4814 # 1504
4826 # 1504
4838 # 1504
4850 # 1504
4862 # 1504
4874 # 1504
4886 # 1504
4898 # 1504
4910 # 1504
4922 # 1504
4934 # 1504
4946 # 1504
4958 # 1504
4970 # 1504
4982 # 1504
4994 # 1504
5006 # 1504
5018 # 1504
5030 # 1504
5042 # 1504
5054 # 1504
5066 # 1504
5078 # 1504
5090 # 1504
5102 # 1504
5114 # 1504
5126 # 1504
5138 # 1504
5150 # 1504
5162 # 1504
5174 # 1504
5186 # 1504
5198 # 1504
5210 # 1504
5222 # 1504
5234 # 1504
5246 # 1504
5258 # 1504
5270 # 1504
5282 # 1504
5294 # 1504
5306 # 1504
5318 # 1504
5330 # 1504
5342 # 1504
5354 # 1504
5366 # 1504
5378 # 1504
5390 # 1504
5402 # 1504
5414 # 1504
5426 # 1504
5438 # 1504
5450 # 1504
5462 # 1504
5474 # 1504
5486 # 1504
5498 # 1504
5510 # 1504
5522 # 1504
5534 # 1504
5546 # 1504
5558 # 1504
5570 # 1504
5582 # 1504
5594 # 1504
5606 # 1504
5618 # 1504
5630 # 1504
5642 # 1504
5654 # 1504
5666 # 1504
5678 # 1504
5690 # 1504
5702 # 1504
5714 # 1504
5726 # 1504
5738 # 1504
5750 # 1504
5762 # 1504
5774 # 1504
5786 # 1504
5798 # 1504
5810 # 1504
5822 # 1504
5834 # 1504
5846 # 1504
5858 # 1504
5870 # 1504
5882 # 1504
5894 # 1504
5906 # 1504
5918 # 1504
5930 # 1504
5942 # 1504
5954 # 1504
5966 # 1504
5978 # 1504
5990 # 1504
6002 # 1504
6014 # 1504
6026 # 1504
6038 # 1504
6050 # 1504
6062 # 1504
6074 # 1504
6086 # 1504
6098 # 1504
6110 # 1504
6122 # 1504
6134 # 1504
6146 # 1504
6158 # 1504
6170 # 1504
6182 # 1504
6194 # 1504
6206 # 1504
6218 # 1504
6230 # 1504
6242 # 1504
6254 # 1504
6266 # 1504
6278 # 1504
6290 # 1504
6302 # 1504
6314 # 1504
6326 # 1504
6338 # 1504
6350 # 1504
6362 # 1504
6374 # 1504
6386 # 1504
6398 # 1504
6410 # 1504
6422 # 1504
6434 # 1504
6446 # 1504
6458 # 1504
6470 # 1504
6482 # 1504
6494 # 1504
6506 # 1504
6518 # 1504
6530 # 1504
6542 # 1504
6554 # 1504
6566 # 1504
6578 # 1504
6590 # 1504
6602 # 1504
6614 # 1504
6626 # 1504
6638 # 1504
6650 # 1504
6662 # 1504
6674 # 1504
6686 # 1504
6698 # 1504
6710 # 1504
6722 # 1504
6734 # 1504
6746 # 1504
6758 # 1504
6770 # 1504
6782 # 1504
6794 # 1504
6806 # 1504
6818 # 1504
6830 # 1504
6842 # 1504
6854 # 1504
6866 # 1504
6878 # 1504
6890 # 1504
6902 # 1504
6914 # 1504
6926 # 1504
6938 # 1504
6950 # 1504
6962 # 1504
6974 # 1504
6986 # 1504
6998 # 1504
7010 # 1504
7022 # 1504
7034 # 1504
7046 # 1504
7058 # 1504
7070 # 1504
7082 # 1504
7094 # 1504
7106 # 1504
7118 # 1504
7130 # 1504
7142 # 1504
7154 # 1504
7166 # 1504
7178 # 1504
7190 # 1504
7202 # 1504
7214 # 1504
7226 # 1504
7238 # 1504
7250 # 1504
7262 # 1504
7274 # 1504
7286 # 1504
7298 # 1504
7310 # 1504
7322 # 1504
7334 # 1504
7346 # 1504
7358 # 1504
7370 # 1504
7382 # 1504
7394 # 1504
7406 # 1504
7418 # 1504
7430 # 1504
7442 # 1504
7454 # 1504
7466 # 1504
7478 # 1504
7490 # 1504
7502 # 1504
7514 # 1504
7526 # 1504
7538 # 1504
7550 # 1504
7562 # 1504
7574 # 1504
7586 # 1504
7598 # 1504
7610 # 1504
7622 # 1504
7634 # 1504
7646 # 1504
7658 # 1504
7670 # 1504
7682 # 1504
7694 # 1504
7706 # 1504
7718 # 1504
7730 # 1504
7742 # 1504
7754 # 1504
7766 # 1504
7778 # 1504
7790 # 1504
7802 # 1504
7814 # 1504
7826 # 1504
7838 # 1504
7850 # 1504
7862 # 1504
7874 # 1504
7886 # 1504
7898 # 1504
7910 # 1504
7922 # 1504
7934 # 1504
7946 # 1504
7958 # 1504
7970 # 1504
7982 # 1504
7994 # 1504
8006 # 1504
8018 # 1504
8030 # 1504
8042 # 1504
8054 # 1504
8066 # 1504
8078 # 1504
8090 # 1504
8102 # 1504
8114 # 1504
8126 # 1504
8138 # 1504
8150 # 1504
8162 # 1504
8174 # 1504
8186 # 1504
8198 # 1504
8210 # 1504
8222 # 1504
8234 # 1504
8246 # 1504
8258 # 1504
8270 # 1504
8282 # 1504
8294 # 1504
8306 # 1504
8318 # 1504
8330 # 1504
8342 # 1504
8354 # 1504
8366 # 1504
8378 # 1504
8390 # 1504
8402 # 1504
8414 # 1504
8426 # 1504
8438 # 1504
8450 # 1504
8462 # 1504
8474 # 1504
8486 # 1504
8498 # 1504
8510 # 1504
8522 # 1504
8534 # 1504
8546 # 1504
8558 # 1504
8570 # 1504
8582 # 1504
8594 # 1504
8606 # 1504
8618 # 1504
8630 # 1504
8642 # 1504
8654 # 1504
8666 # 1504
8678 # 1504
8690 # 1504
8702 # 1504
8714 # 1504
8726 # 1504
8738 # 1504
8750 # 1504
8762 # 1504
8774 # 1504
8786 # 1504
8798 # 1504
8810 # 1504
8822 # 1504
8834 # 1504
8846 # 1504
8858 # 1504
8870 # 1504
8882 # 1504
8894 # 1504
8906 # 1504
8918 # 1504
8930 # 1504
8942 # 1504
8954 # 1504
8966 # 1504
8978 # 1504
8990 # 1504
9002 # 1504
9014 # 1504
9026 # 1504
9038 # 1504
9050 # 1504
9062 # 1504
9074 # 1504
9086 # 1504
9098 # 1504
9110 # 1504
9122 # 1504
9134 # 1504
9146 # 1504
9158 # 1504
9170 # 1504
9182 # 1504
9194 # 1504
9206 # 1504
9218 # 1504
9230 # 1504
9242 # 1504
9254 # 1504
9266 # 1504
9278 # 1504
9290 # 1504
9302 # 1504
9314 # 1504
9326 # 1504
9338 # 1504
9350 # 1504
9362 # 1504
9374 # 1504
9386 # 1504
9398 # 1504
9410 # 1504
9422 # 1504
9434 # 1504
9446 # 1504
9458 # 1504
9470 # 1504
9482 # 1504
9494 # 1504
9506 # 1504
9518 # 1504
9530 # 1504
9542 # 1504
9554 # 1504
9566 # 1504
9578 # 1504
9590 # 1504
9602 # 1504
9614 # 1504
9626 # 1504
9638 # 1504
9650 # 1504
9662 # 1504
9674 # 1504
9686 # 1504
9698 # 1504
9710 # 1504
9722 # 1504
9734 # 1504
9746 # 1504
9758 # 1504
9770 # 1504
9782 # 1504
9794 # 1504
9806 # 1504
9818 # 1504
9830 # 1504
9842 # 1504
9854 # 1504
9866 # 1504
9878 # 1504
9890 # 1504
9902 # 1504
9914 # 1504
9926 # 1504
9938 # 1504
9950 # 1504
9962 # 1504
9974 # 1504
9986 # 1504
9998 # 1504
10010 # 1504
10022 # 1504
10034 # 1504
10046 # 1504
10058 # 1504
10070 # 1504
10082 # 1504
10094 # 1504
10106 # 1504
10118 # 1504
10130 # 1504
10142 # 1504
10154 # 1504
10166 # 1504
10178 # 1504
10190 # 1504
10202 # 1504
10214 # 1504
10226 # 1504
10238 # 1504
10250 # 1504
10262 # 1504
10274 # 1504
10286 # 1504
10298 # 1504
10310 # 1504
10322 # 1504
10334 # 1504
10346 # 1504
10358 # 1504
10370 # 1504
10382 # 1504
10394 # 1504
10406 # 1504
10418 # 1504
10430 # 1504
10442 # 1504
10454 # 1504
10466 # 1504
10478 # 1504
10490 # 1504
10502 # 1504
10514 # 1504
10526 # 1504
10538 # 1504
10550 # 1504
10562 # 1504
10574 # 1504
10586 # 1504
10598 # 1504
10610 # 1504
10622 # 1504
10634 # 1504
10646 # 1504
10658 # 1504
10670 # 1504
10682 # 1504
10694 # 1504
10706 # 1504
10718 # 1504
10730 # 1504
10742 # 1504
10754 # 1504
10766 # 1504
10778 # 1504
10790 # 1504
10802 # 1504
10814 # 1504
10826 # 1504
10838 # 1504
10850 # 1504
10862 # 1504
10874 # 1504
10886 # 1504
10898 # 1504
10910 # 1504
10922 # 1504
10934 # 1504
10946 # 1504
10958 # 1504
10970 # 1504
10982 # 1504
10994 # 1504
11006 # 1504
11018 # 1504
11030 # 1504
11042 # 1504
11054 # 1504
11066 # 1504
11078 # 1504
11090 # 1504
11102 # 1504
11114 # 1504
11126 # 1504
11138 # 1504
11150 # 1504
11162 # 1504
11174 # 1504
11186 # 1504
11198 # 1504
11210 # 1504
11222 # 1504
11234 # 1504
11246 # 1504
11258 # 1504
11270 # 1504
11282 # 1504
11294 # 1504
11306 # 1504
11318 # 1504
11330 # 1504
11342 # 1504
11346 + 52
11354 # 1504
11354 - 52 8
11366 # 1504
11378 # 1504
11390 # 1504
11402 # 1504
11414 # 1504
11426 # 1504
11438 # 1504
11450 # 1504
11462 # 1504
11474 # 1504
11486 # 1504
11498 # 1504
11510 # 1504
11522 # 1504
11534 # 1504
11546 # 1504
11558 # 1504
11570 # 1504
11582 # 1504
11594 # 1504
11606 # 1504
11618 # 1504
11630 # 1504
11642 # 1504
11654 # 1504
11666 # 1504
11678 # 1504
11690 # 1504
11702 # 1504
11714 # 1504
11726 # 1504
11738 # 1504
11750 # 1504
11762 # 1504
11774 # 1504
11786 # 1504
11798 # 1504
11810 # 1504
11822 # 1504
11834 # 1504
11846 # 1504
11858 # 1504
11870 # 1504
11882 # 1504
11894 # 1504
11906 # 1504
11918 # 1504
11930 # 1504
11942 # 1504
11954 # 1504
11966 # 1504
11978 # 1504
11990 # 1504
12002 # 1504
12014 # 1504
12026 # 1504
12038 # 1504
12050 # 1504
12062 # 1504
12074 # 1504
12086 # 1504
12098 # 1504
12110 # 1504
12122 # 1504
12134 # 1504
12146 # 1504
12158 # 1504
12170 # 1504
12182 # 1504
12194 # 1504
12206 # 1504
12218 # 1504
12230 # 1504
12242 # 1504
12254 # 1504
12266 # 1504
12278 # 1504
12290 # 1504
12302 # 1504
12314 # 1504
12326 # 1504
12338 # 1504
12350 # 1504
12362 # 1504
12374 # 1504
12386 # 1504
12398 # 1504
12410 # 1504
12422 # 1504
12434 # 1504
12446 # 1504
12458 # 1504
12470 # 1504
12482 # 1504
12494 # 1504
12506 # 1504
12518 # 1504
12530 # 1504
12542 # 1504
12554 # 1504
12566 # 1504
12578 # 1504
12590 # 1504
12602 # 1504
12614 # 1504
12626 # 1504
12638 # 1504
12650 # 1504
12662 # 1504
12674 # 1504
12686 # 1504
12698 # 1504
12710 # 1504
12722 # 1504
12734 # 1504
12746 # 1504
12758 # 1504
12770 # 1504
12782 # 1504
12794 # 1504
12806 # 1504
12818 # 1504
12830 # 1504
12842 # 1504
12854 # 1504
12866 # 1504
12878 # 1504
12890 # 1504
12902 # 1504
12914 # 1504
12926 # 1504
12938 # 1504
12950 # 1504
12962 # 1504
12974 # 1504
12986 # 1504
12998 # 1504
13010 # 1504
13022 # 1504
13034 # 1504
13046 # 1504
13058 # 1504
13070 # 1504
13082 # 1504
13094 # 1504
13106 # 1504
13118 # 1504
13130 # 1504
13142 # 1504
13154 # 1504
13166 # 1504
13178 # 1504
13190 # 1504
13202 # 1504
13214 # 1504
13226 # 1504
13238 # 1504
13250 # 1504
13262 # 1504
13274 # 1504
13286 # 1504
13298 # 1504
13310 # 1504
13322 # 1504
13334 # 1504
13346 # 1504
13358 # 1504
13370 # 1504
13382 # 1504
13394 # 1504
13406 # 1504
13418 # 1504
13430 # 1504
13442 # 1504
13454 # 1504
13466 # 1504
13478 # 1504
13490 # 1504
13502 # 1504
13514 # 1504
13526 # 1504
13538 # 1504
13550 # 1504
13562 # 1504
13574 # 1504
13586 # 1504
13598 # 1504
13610 # 1504
13622 # 1504
13634 # 1504
13646 # 1504
13658 # 1504
13670 # 1504
13682 # 1504
13694 # 1504
13706 # 1504
13718 # 1504
13730 # 1504
13742 # 1504
13754 # 1504
13766 # 1504
13778 # 1504
13790 # 1504
13802 # 1504
13814 # 1504
13826 # 1504
13838 # 1504
13850 # 1504
13862 # 1504
13874 # 1504
13886 # 1504
13898 # 1504
13910 # 1504
13922 # 1504
13934 # 1504
13946 # 1504
13958 # 1504
13970 # 1504
13982 # 1504
13994 # 1504
14006 # 1504
14018 # 1504
14030 # 1504
14042 # 1504
14054 # 1504
14066 # 1504
14078 # 1504
14090 # 1504
14102 # 1504
14114 # 1504
14126 # 1504
14138 # 1504
14150 # 1504
14162 # 1504
14174 # 1504
14186 # 1504
14198 # 1504
14210 # 1504
14222 # 1504
14234 # 1504
14246 # 1504
14258 # 1504
14270 # 1504
14282 # 1504
14294 # 1504
14306 # 1504
14318 # 1504
14330 # 1504
14342 # 1504
14354 # 1504
14366 # 1504
14378 # 1504
14390 # 1504
14402 # 1504
14414 # 1504
14426 # 1504
14438 # 1504
14450 # 1504
14462 # 1504
14474 # 1504
14486 # 1504
14498 # 1504
14510 # 1504
14522 # 1504
14534 # 1504
14546 # 1504
14558 # 1504
14570 # 1504
14582 # 1504
14594 # 1504
14606 # 1504
14618 # 1504
14630 # 1504
14642 # 1504
14654 # 1504
14666 # 1504
14678 # 1504
14690 # 1504
14702 # 1504
14714 # 1504
14726 # 1504
14738 # 1504
14750 # 1504
14762 # 1504
14774 # 1504
14786 # 1504
14798 # 1504
14810 # 1504
14822 # 1504
14834 # 1504
14846 # 1504
14858 # 1504
14870 # 1504
14882 # 1504
14894 # 1504
14906 # 1504
14918 # 1504
14930 # 1504
14942 # 1504
14954 # 1504
14966 # 1504
14978 # 1504
14990 # 1504
15002 # 1504
15014 # 1504
15026 # 1504
15038 # 1504
15050 # 1504
15062 # 1504
15074 # 1504
15086 # 1504
15098 # 1504
15110 # 1504
15122 # 1504
15134 # 1504
15146 # 1504
15158 # 1504
15170 # 1504
15182 # 1504
15194 # 1504
15206 # 1504
15218 # 1504
15230 # 1504
15242 # 1504
15254 # 1504
15266 # 1504
15278 # 1504
15290 # 1504
15302 # 1504
15314 # 1504
15326 # 1504
15338 # 1504
15350 # 1504
15362 # 1504
15374 # 1504
15386 # 1504
15398 # 1504
15410 # 1504
15422 # 1504
15434 # 1504
15446 # 1504
15458 # 1504
15470 # 1504
15482 # 1504
15494 # 1504
15506 # 1504
15518 # 1504
15530 # 1504
15542 # 1504
15554 # 1504
15566 # 1504
15578 # 1504
15590 # 1504
15602 # 1504
15614 # 1504
15626 # 1504
15638 # 1504
15650 # 1504
15662 # 1504
15674 # 1504
15686 # 1504
15698 # 1504
15710 # 1504
15722 # 1504
15734 # 1504
15746 # 1504
15758 # 1504
15770 # 1504
15782 # 1504
15794 # 1504
15806 # 1504
15818 # 1504
15830 # 1504
15842 # 1504
15854 # 1504
15866 # 1504
15878 # 1504
15890 # 1504
15902 # 1504
15914 # 1504
15926 # 1504
15938 # 1504
15950 # 1504
15962 # 1504
15974 # 1504
15986 # 1504
15998 # 1504
16010 # 1504
16022 # 1504
16034 # 1504
16046 # 1504
16058 # 1504
16070 # 1504
16082 # 1504
16094 # 1504
16106 # 1504
16118 # 1504
16130 # 1504
16142 # 1504
16154 # 1504
16166 # 1504
16178 # 1504
16190 # 1504
16202 # 1504
16214 # 1504
16226 # 1504
16238 # 1504
16250 # 1504
16262 # 1504
16274 # 1504
16286 # 1504
16298 # 1504
16310 # 1504
16322 # 1504
16334 # 1504
16346 # 1504
16358 # 1504
16370 # 1504
16382 # 1504
16394 # 1504
16406 # 1504
16418 # 1504
16430 # 1504
16442 # 1504
16454 # 1504
16466 # 1504
16478 # 1504
16490 # 1504
16502 # 1504
16514 # 1504
16526 # 1504
16538 # 1504
16550 # 1504
16562 # 1504
16574 # 1504
16586 # 1504
16598 # 1504
16610 # 1504
16622 # 1504
16634 # 1504
16646 # 1504
16658 # 1504
16670 # 1504
16682 # 1504
16694 # 1504
16706 # 1504
16718 # 1504
16730 # 1504
16742 # 1504
16754 # 1504
16766 # 1504
16778 # 1504
16790 # 1504
16802 # 1504
16814 # 1504
16826 # 1504
16838 # 1504
16850 # 1504
16862 # 1504
16874 # 1504
16886 # 1504
16898 # 1504
16910 # 1504
16922 # 1504
16934 # 1504
16946 # 1504
16958 # 1504
16970 # 1504
16982 # 1504
16994 # 1504
17006 # 1504
17018 # 1504
17030 # 1504
17042 # 1504
17054 # 1504
17066 # 1504
17078 # 1504
17090 # 1504
17102 # 1504
17114 # 1504
17126 # 1504
17138 # 1504
17150 # 1504
17162 # 1504
17174 # 1504
17186 # 1504
17198 # 1504
17210 # 1504
17222 # 1504
17234 # 1504
17246 # 1504
17258 # 1504
17270 # 1504
17282 # 1504
17294 # 1504
17306 # 1504
17318 # 1504
17330 # 1504
17342 # 1504
17354 # 1504
17366 # 1504
17378 # 1504
17390 # 1504
17402 # 1504
17414 # 1504
17426 # 1504
17438 # 1504
17450 # 1504
17462 # 1504
17474 # 1504
17486 # 1504
17498 # 1504
17510 # 1504
17522 # 1504
17534 # 1504
17546 # 1504
17558 # 1504
17570 # 1504
17582 # 1504
17594 # 1504
17606 # 1504
17618 # 1504
17630 # 1504
17642 # 1504
17654 # 1504
17666 # 1504
17678 # 1504
17690 # 1504
17702 # 1504
17714 # 1504
17726 # 1504
17738 # 1504
17750 # 1504
17762 # 1504
17774 # 1504
17786 # 1504
17798 # 1504
17810 # 1504
17822 # 1504
17834 # 1504
17846 # 1504
17858 # 1504
17870 # 1504
17882 # 1504
17894 # 1504
17906 # 1504
17918 # 1504
17930 # 1504
17942 # 1504
17954 # 1504
17966 # 1504
17978 # 1504
17990 # 1504
18002 # 1504
18014 # 1504
18026 # 1504
18038 # 1504
18050 # 1504
18062 # 1504
18074 # 1504
18086 # 1504
18098 # 1504
18110 # 1504
18122 # 1504
18134 # 1504
18146 # 1504
18158 # 1504
18170 # 1504
18182 # 1504
18194 # 1504
18206 # 1504
18218 # 1504
18230 # 1504
18242 # 1504
18254 # 1504
18266 # 1504
18278 # 1504
18290 # 1504
18302 # 1504
18314 # 1504
18326 # 1504
18338 # 1504
18350 # 1504
18362 # 1504
18374 # 1504
18386 # 1504
18398 # 1504
18410 # 1504
18422 # 1504
18434 # 1504
18446 # 1504
18458 # 1504
18470 # 1504
18482 # 1504
18494 # 1504
18506 # 1504
18518 # 1504
18530 # 1504
18542 # 1504
18554 # 1504
18566 # 1504
18578 # 1504
18590 # 1504
18602 # 1504
18614 # 1504
18626 # 1504
18638 # 1504
18650 # 1504
18662 # 1504
18674 # 1504
18686 # 1504
18698 # 1504
18710 # 1504
18722 # 1504
18734 # 1504
18746 # 1504
18758 # 1504
18770 # 1504
18782 # 1504
18794 # 1504
18806 # 1504
18818 # 1504
18830 # 1504
18842 # 1504
18854 # 1504
18866 # 1504
18878 # 1504
18890 # 1504
18902 # 1504
18914 # 1504
18926 # 1504
18938 # 1504
18950 # 1504
18962 # 1504
18974 # 1504
18986 # 1504
18998 # 1504
19010 # 1504
19022 # 1504
19034 # 1504
19046 # 1504
19058 # 1504
19070 # 1504
19082 # 1504
19094 # 1504
19106 # 1504
19118 # 1504
19130 # 1504
19142 # 1504
19154 # 1504
19166 # 1504
19178 # 1504
19190 # 1504
19202 # 1504
19214 # 1504
19226 # 1504
19238 # 1504
19250 # 1504
19262 # 1504
19274 # 1504
19286 # 1504
19298 # 1504
19310 # 1504
19322 # 1504
19334 # 1504
19346 # 1504
19358 # 1504
19370 # 1504
19382 # 1504
19394 # 1504
19406 # 1504
19418 # 1504
19430 # 1504
19442 # 1504
19454 # 1504
19466 # 1504
19478 # 1504
19490 # 1504
19502 # 1504
19514 # 1504
19526 # 1504
19538 # 1504
19550 # 1504
19562 # 1504
19574 # 1504
19586 # 1504
19598 # 1504
19610 # 1504
19622 # 1504
19634 # 1504
19646 # 1504
19658 # 1504
19670 # 1504
19682 # 1504
19694 # 1504
19706 # 1504
19718 # 1504
19730 # 1504
19742 # 1504
19754 # 1504
19766 # 1504
19778 # 1504
19790 # 1504
19802 # 1504
19814 # 1504
19826 # 1504
19838 # 1504
19850 # 1504
19862 # 1504
19874 # 1504
19886 # 1504
19898 # 1504
19910 # 1504
19922 # 1504
19934 # 1504
19946 # 1504
19958 # 1504
19970 # 1504
19982 # 1504
19994 # 1504
20006 # 1504
20018 # 1504
20030 # 1504
20042 # 1504
20054 # 1504
20066 # 1504
20078 # 1504
20090 # 1504
20102 # 1504
20114 # 1504
20126 # 1504
20138 # 1504
20150 # 1504
20162 # 1504
20174 # 1504
20186 # 1504
20198 # 1504
20210 # 1504
20222 # 1504
20234 # 1504
20246 # 1504
20258 # 1504
20270 # 1504
20282 # 1504
20294 # 1504
20306 # 1504
20318 # 1504
20330 # 1504
20342 # 1504
20354 # 1504
20366 # 1504
20378 # 1504
20390 # 1504
20402 # 1504
20414 # 1504
20426 # 1504
20438 # 1504
20450 # 1504
20462 # 1504
20474 # 1504
20486 # 1504
20498 # 1504
20510 # 1504
20522 # 1504
20534 # 1504
20546 # 1504
20558 # 1504
20570 # 1504
20582 # 1504
20594 # 1504
20606 # 1504
20618 # 1504
20630 # 1504
20642 # 1504
20654 # 1504
20666 # 1504
20678 # 1504
20690 # 1504
20702 # 1504
20714 # 1504
20726 # 1504
20738 # 1504
20750 # 1504
20762 # 1504
20774 # 1504
20786 # 1504
20798 # 1504
20810 # 1504
20822 # 1504
20834 # 1504
20846 # 1504
20858 # 1504
20870 # 1504
20882 # 1504
20894 # 1504
20906 # 1504
20918 # 1504
20930 # 1504
20942 # 1504
20954 # 1504
20966 # 1504
20978 # 1504
20990 # 1504
21002 # 1504
21014 # 1504
21026 # 1504
21038 # 1504
21050 # 1504
21062 # 1504
21074 # 1504
21086 # 1504
21098 # 1504
21110 # 1504
21122 # 1504
21134 # 1504
21146 # 1504
21158 # 1504
21170 # 1504
21182 # 1504
21194 # 1504
21206 # 1504
21218 # 1504
21230 # 1504
21242 # 1504
21254 # 1504
21266 # 1504
21278 # 1504
21290 # 1504
21302 # 1504
21314 # 1504
21326 # 1504
21338 # 1504
21350 # 1504
21362 # 1504
21374 # 1504
21386 # 1504
21398 # 1504
21410 # 1504
21422 # 1504
21434 # 1504
21446 # 1504
21458 # 1504
21470 # 1504
21482 # 1504
21494 # 1504
21506 # 1504
21518 # 1504
21530 # 1504
21542 # 1504
21554 # 1504
21566 # 1504
21578 # 1504
21590 # 1504
21602 # 1504
21614 # 1504
21626 # 1504
21638 # 1504
21650 # 1504
21662 # 1504
21674 # 1504
21686 # 1504
21698 # 1504
21710 # 1504
21722 # 1504
21734 # 1504
21746 # 1504
21758 # 1504
21770 # 1504
21782 # 1504
21794 # 1504
21806 # 1504
21818 # 1504
21830 # 1504
21842 # 1504
21854 # 1504
21866 # 1504
21878 # 1504
21890 # 1504
21902 # 1504
21914 # 1504
21926 # 1504
21938 # 1504
21950 # 1504
21962 # 1504
21974 # 1504
21986 # 1504
21998 # 1504
22010 # 1504
22022 # 1504
22034 # 1504
22046 # 1504
22058 # 1504
22070 # 1504
22082 # 1504
22094 # 1504
22106 # 1504
22118 # 1504
22130 # 1504
22142 # 1504
22154 # 1504
22166 # 1504
22178 # 1504
22190 # 1504
22202 # 1504
22214 # 1504
22226 # 1504
22238 # 1504
22250 # 1504
22262 # 1504
22274 # 1504
22286 # 1504
22298 # 1504
22310 # 1504
22322 # 1504
22334 # 1504
22346 # 1504
22358 # 1504
22370 # 1504
22382 # 1504
22394 # 1504
22406 # 1504
22418 # 1504
22430 # 1504
22442 # 1504
22454 # 1504
22466 # 1504
22478 # 1504
22490 # 1504
22502 # 1504
22514 # 1504
22526 # 1504
22538 # 1504
22550 # 1504
22562 # 1504
22574 # 1504
22586 # 1504
22598 # 1504
22610 # 1504
22622 # 1504
22634 # 1504
22646 # 1504
22658 # 1504
22670 # 1504
22682 # 1504
22694 # 1504
22706 # 1504
22718 # 1504
22730 # 1504
22742 # 1504
22754 # 1504
22766 # 1504
22778 # 1504
22790 # 1504
22802 # 1504
22814 # 1504
22826 # 1504
22838 # 1504
22850 # 1504
22862 # 1504
22874 # 1504
22886 # 1504
22898 # 1504
22910 # 1504
22922 # 1504
22934 # 1504
22946 # 1504
22958 # 1504
22970 # 1504
22982 # 1504
22994 # 1504
23006 # 1504
23018 # 1504
23030 # 1504
23042 # 1504
23054 # 1504
23066 # 1504
23078 # 1504
23090 # 1504
23102 # 1504
23114 # 1504
23126 # 1504
23138 # 1504
23150 # 1504
23162 # 1504
23174 # 1504
23186 # 1504
23198 # 1504
23210 # 1504
23222 # 1504
23234 # 1504
23246 # 1504
23258 # 1504
23270 # 1504
23282 # 1504
23294 # 1504
23306 # 1504
23318 # 1504
23330 # 1504
23342 # 1504
23354 # 1504
23366 # 1504
23378 # 1504
23390 # 1504
23402 # 1504
23414 # 1504
23426 # 1504
23438 # 1504
23450 # 1504
23462 # 1504
23474 # 1504
23486 # 1504
23498 # 1504
23510 # 1504
23522 # 1504
23534 # 1504
23546 # 1504
23558 # 1504
23570 # 1504
23582 # 1504
23594 # 1504
23606 # 1504
23618 # 1504
23630 # 1504
23642 # 1504
23654 # 1504
23666 # 1504
23678 # 1504
23690 # 1504
23702 # 1504
23714 # 1504
23726 # 1504
23738 # 1504
23750 # 1504
23762 # 1504
23774 # 1504
23786 # 1504
23798 # 1504
23810 # 1504
23822 # 1504
23834 # 1504
23846 # 1504
23858 # 1504
23870 # 1504
23882 # 1504
23894 # 1504
23906 # 1504
23918 # 1504
23930 # 1504
23942 # 1504
23954 # 1504
23966 # 1504
23978 # 1504
23990 # 1504
24002 # 1504
24014 # 1504
24026 # 1504
24038 # 1504
24050 # 1504
24062 # 1504
24074 # 1504
24086 # 1504
24098 # 1504
24110 # 1504
24122 # 1504
24134 # 1504
24146 # 1504
24158 # 1504
24170 # 1504
24182 # 1504
24194 # 1504
24206 # 1504
24218 # 1504
24230 # 1504
24242 # 1504
24254 # 1504
24266 # 1504
24278 # 1504
24290 # 1504
24302 # 1504
24314 # 1504
24326 # 1504
24338 # 1504
24350 # 1504
24362 # 1504
24374 # 1504
24386 # 1504
24398 # 1504
24410 # 1504
24422 # 1504
24434 # 1504
24446 # 1504
24458 # 1504
24470 # 1504
24482 # 1504
24494 # 1504
24506 # 1504
24518 # 1504
24530 # 1504
24542 # 1504
24554 # 1504
24566 # 1504
24578 # 1504
24590 # 1504
24602 # 1504
24614 # 1504
24626 # 1504
24638 # 1504
24650 # 1504
24662 # 1504
24674 # 1504
24686 # 1504
24698 # 1504
24710 # 1504
24722 # 1504
24734 # 1504
24746 # 1504
24758 # 1504
24770 # 1504
24782 # 1504
24794 # 1504
24806 # 1504
24818 # 1504
24830 # 1504
24842 # 1504
24854 # 1504
24866 # 1504
24878 # 1504
24890 # 1504
24902 # 1504
24914 # 1504
24926 # 1504
24938 # 1504
24950 # 1504
24962 # 1504
24974 # 1504
24986 # 1504
24998 # 1504
25010 # 1504
25022 # 1504
25034 # 1504
25046 # 1504
25058 # 1504
25070 # 1504
25082 # 1504
25094 # 1504
25106 # 1504
25118 # 1504
25130 # 1504
25142 # 1504
25154 # 1504
25166 # 1504
25178 # 1504
25190 # 1504
25202 # 1504
25214 # 1504
25226 # 1504
25238 # 1504
25250 # 1504
25262 # 1504
25274 # 1504
25286 # 1504
25298 # 1504
25310 # 1504
25322 # 1504
25334 # 1504
25346 # 1504
25358 # 1504
25370 # 1504
25382 # 1504
25394 # 1504
25406 # 1504
25418 # 1504
25426 + 52
25430 # 1504
25430 - 52 4
25442 # 1504
25454 # 1504
25466 # 1504
25478 # 1504
25490 # 1504
25502 # 1504
25514 # 1504
25526 # 1504
25538 # 1504
25550 # 1504
25562 # 1504
25574 # 1504
25586 # 1504
25598 # 1504
25610 # 1504
25622 # 1504
25634 # 1504
25646 # 1504
25658 # 1504
25670 # 1504
25682 # 1504
25694 # 1504
25706 # 1504
25718 # 1504
25730 # 1504
25742 # 1504
25754 # 1504
25766 # 1504
25778 # 1504
25790 # 1504
25802 # 1504
25814 # 1504
25826 # 1504
25838 # 1504
25850 # 1504
25862 # 1504
25874 # 1504
25886 # 1504
25898 # 1504
25910 # 1504
25922 # 1504
25934 # 1504
25946 # 1504
25958 # 1504
25970 # 1504
25982 # 1504
25994 # 1504
26006 # 1504
26018 # 1504
26030 # 1504
26042 # 1504
26054 # 1504
26066 # 1504
26078 # 1504
26090 # 1504
26102 # 1504
26114 # 1504
26126 # 1504
26138 # 1504
26150 # 1504
26162 # 1504
26174 # 1504
26186 # 1504
26198 # 1504
26210 # 1504
26222 # 1504
26234 # 1504
26246 # 1504
26258 # 1504
26270 # 1504
26282 # 1504
26294 # 1504
26306 # 1504
26318 # 1504
26330 # 1504
26342 # 1504
26354 # 1504
26366 # 1504
26378 # 1504
26390 # 1504
26402 # 1504
26414 # 1504
26426 # 1504
26438 # 1504
26450 # 1504
26462 # 1504
26474 # 1504
26486 # 1504
26498 # 1504
26510 # 1504
26522 # 1504
26534 # 1504
26546 # 1504
26558 # 1504
26570 # 1504
26582 # 1504
26594 # 1504
26606 # 1504
26618 # 1504
26630 # 1504
26642 # 1504
26654 # 1504
26666 # 1504
26678 # 1504
26690 # 1504
26702 # 1504
26714 # 1504
26726 # 1504
26738 # 1504
26750 # 1504
26762 # 1504
26774 # 1504
26786 # 1504
26798 # 1504
26810 # 1504
26822 # 1504
26834 # 1504
26846 # 1504
26858 # 1504
26870 # 1504
26882 # 1504
26894 # 1504
26906 # 1504
26918 # 1504
26930 # 1504
26942 # 1504
26954 # 1504
26966 # 1504
26978 # 1504
26990 # 1504
27002 # 1504
27014 # 1504
27026 # 1504
27038 # 1504
27050 # 1504
27062 # 1504
27074 # 1504
27086 # 1504
27098 # 1504
27110 # 1504
27122 # 1504
27134 # 1504
27146 # 1504
27158 # 1504
27170 # 1504
27182 # 1504
27194 # 1504
27206 # 1504
27218 # 1504
27230 # 1504
27242 # 1504
27254 # 1504
27266 # 1504
27278 # 1504
27290 # 1504
27302 # 1504
27314 # 1504
27326 # 1504
27338 # 1504
27350 # 1504
27362 # 1504
27374 # 1504
27386 # 1504
27398 # 1504
27410 # 1504
27422 # 1504
27434 # 1504
27446 # 1504
27458 # 1504
27470 # 1504
27482 # 1504
27494 # 1504
27506 # 1504
27518 # 1504
27530 # 1504
27542 # 1504
27554 # 1504
27566 # 1504
27578 # 1504
27590 # 1504
27602 # 1504
27614 # 1504
27626 # 1504
27638 # 1504
27650 # 1504
27662 # 1504
27674 # 1504
27686 # 1504
27698 # 1504
27710 # 1504
27722 # 1504
27734 # 1504
27746 # 1504
27758 # 1504
27770 # 1504
27782 # 1504
27794 # 1504
27806 # 1504
27818 # 1504
27830 # 1504
27842 # 1504
27854 # 1504
27866 # 1504
27878 # 1504
27890 # 1504
27902 # 1504
27914 # 1504
27926 # 1504
27938 # 1504
27950 # 1504
27962 # 1504
27974 # 1504
27986 # 1504
27998 # 1504
28010 # 1504
28022 # 1504
28034 # 1504
28046 # 1504
28058 # 1504
28070 # 1504
28082 # 1504
28094 # 1504
28106 # 1504
28118 # 1504
28130 # 1504
28142 # 1504
28154 # 1504
28166 # 1504
28178 # 1504
28190 # 1504
28202 # 1504
28214 # 1504
28226 # 1504
28238 # 1504
28250 # 1504
28262 # 1504
28274 # 1504
28286 # 1504
28298 # 1504
28310 # 1504
28322 # 1504
28334 # 1504
28346 # 1504
28358 # 1504
28370 # 1504
28382 # 1504
28394 # 1504
28406 # 1504
28418 # 1504
28430 # 1504
28442 # 1504
28454 # 1504
28466 # 1504
28478 # 1504
28490 # 1504
28502 # 1504
28514 # 1504
28526 # 1504
28538 # 1504
28550 # 1504
28562 # 1504
28574 # 1504
28586 # 1504
28598 # 1504
28610 # 1504
28622 # 1504
28634 # 1504
28646 # 1504
28658 # 1504
28670 # 1504
28682 # 1504
28694 # 1504
28706 # 1504
28718 # 1504
28730 # 1504
28742 # 1504
28754 # 1504
28766 # 1504
28778 # 1504
28790 # 1504
28802 # 1504
28814 # 1504
28826 # 1504
28838 # 1504
28850 # 1504
28862 # 1504
28874 # 1504
28886 # 1504
28898 # 1504
28910 # 1504
28922 # 1504
28934 # 1504
28946 # 1504
28958 # 1504
28970 # 1504
28982 # 1504
28994 # 1504
29006 # 1504
29018 # 1504
29030 # 1504
29042 # 1504
29054 # 1504
29066 # 1504
29078 # 1504
29090 # 1504
29102 # 1504
29114 # 1504
29126 # 1504
29138 # 1504
29150 # 1504
29162 # 1504
29174 # 1504
29186 # 1504
29198 # 1504
29210 # 1504
29222 # 1504
29234 # 1504
29246 # 1504
29258 # 1504
29270 # 1504
29282 # 1504
29294 # 1504
29306 # 1504
29318 # 1504
29330 # 1504
29342 # 1504
29354 # 1504
29366 # 1504
29378 # 1504
29390 # 1504
29402 # 1504
29414 # 1504
29426 # 1504
29438 # 1504
29450 # 1504
29462 # 1504
29474 # 1504
29486 # 1504
29498 # 1504
29510 # 1504
29522 # 1504
29534 # 1504
29546 # 1504
29558 # 1504
29570 # 1504
29582 # 1504
29594 # 1504
29606 # 1504
29618 # 1504
29630 # 1504
29642 # 1504
29654 # 1504
29666 # 1504
29678 # 1504
29690 # 1504
29702 # 1504
29714 # 1504
29726 # 1504
29738 # 1504
29750 # 1504
29762 # 1504
29774 # 1504
29786 # 1504
29798 # 1504
29810 # 1504
29822 # 1504
29834 # 1504
29846 # 1504
29858 # 1504
29870 # 1504
29882 # 1504
29894 # 1504
29906 # 1504
29918 # 1504
29930 # 1504
29942 # 1504
29954 # 1504
29966 # 1504
29978 # 1504
29990 # 1504
30002 # 1504
30014 # 1504
30026 # 1504
30038 # 1504
30050 # 1504
30062 # 1504
30074 # 1504
30086 # 1504
30098 # 1504
30110 # 1504
30122 # 1504
30134 # 1504
30146 # 1504
30158 # 1504
30170 # 1504
30182 # 1504
30194 # 1504
30206 # 1504
30218 # 1504
30230 # 1504
30242 # 1504
30254 # 1504
30266 # 1504
30278 # 1504
30290 # 1504
30302 # 1504
30314 # 1504
30326 # 1504
30338 # 1504
30350 # 1504
30362 # 1504
30374 # 1504
30386 # 1504
30398 # 1504
30410 # 1504
30422 # 1504
30434 # 1504
30446 # 1504
30458 # 1504
30470 # 1504
30482 # 1504
30494 # 1504
30506 # 1504
30518 # 1504
30530 # 1504
30542 # 1504
30554 # 1504
30566 # 1504
30578 # 1504
30590 # 1504
30602 # 1504
30614 # 1504
30626 # 1504
30638 # 1504
30650 # 1504
30662 # 1504
30674 # 1504
30686 # 1504
30698 # 1504
30710 # 1504
30722 # 1504
30734 # 1504
30746 # 1504
30758 # 1504
30770 # 1504
30782 # 1504
30794 # 1504
30806 # 1504
30818 # 1504
30830 # 1504
30842 # 1504
30854 # 1504
30866 # 1504
30878 # 1504
30890 # 1504
30902 # 1504
30914 # 1504
30926 # 1504
30938 # 1504
30950 # 1504
30962 # 1504
30974 # 1504
30986 # 1504
30998 # 1504
31010 # 1504
31022 # 1504
31034 # 1504
31046 # 1504
31058 # 1504
31070 # 1504
31082 # 1504
31094 # 1504
31106 # 1504
31118 # 1504
31130 # 1504
31142 # 1504
31154 # 1504
31166 # 1504
31178 # 1504
31190 # 1504
31202 # 1504
31214 # 1504
31226 # 1504
31238 # 1504
31250 # 1504
31262 # 1504
31274 # 1504
31286 # 1504
31298 # 1504
31310 # 1504
31322 # 1504
31334 # 1504
31346 # 1504
31358 # 1504
31370 # 1504
31382 # 1504
31394 # 1504
31406 # 1504
31418 # 1504
31430 # 1504
31442 # 1504
31454 # 1504
31466 # 1504
31478 # 1504
31490 # 1504
31502 # 1504
31514 # 1504
31526 # 1504
31538 # 1504
31550 # 1504
31562 # 1504
31574 # 1504
31586 # 1504
31598 # 1504
31610 # 1504
31622 # 1504
31634 # 1504
31646 # 1504
31658 # 1504
31670 # 1504
31682 # 1504
31694 # 1504
31706 # 1504
31718 # 1504
31730 # 1504
31742 # 1504
31754 # 1504
31766 # 1504
31778 # 1504
31790 # 1504
31802 # 1504
31814 # 1504
31826 # 1504
31838 # 1504
31850 # 1504
31862 # 1504
31874 # 1504
31886 # 1504
31898 # 1504
31910 # 1504
31922 # 1504
31934 # 1504
31946 # 1504
31958 # 1504
31970 # 1504
31982 # 1504
31994 # 1504
32006 # 1504
32018 # 1504
32030 # 1504
32042 # 1504
32054 # 1504
32066 # 1504
32078 # 1504
32090 # 1504
32102 # 1504
32114 # 1504
32126 # 1504
32138 # 1504
32150 # 1504
32162 # 1504
32174 # 1504
32186 # 1504
32198 # 1504
32210 # 1504
32222 # 1504
32234 # 1504
32246 # 1504
32258 # 1504
32270 # 1504
32282 # 1504
32294 # 1504
32306 # 1504
32318 # 1504
32330 # 1504
32342 # 1504
32354 # 1504
32366 # 1504
32378 # 1504
32390 # 1504
32402 # 1504
32414 # 1504
32426 # 1504
32438 # 1504
32450 # 1504
32462 # 1504
32474 # 1504
32486 # 1504
32498 # 1504
32510 # 1504
32522 # 1504
32534 # 1504
32546 # 1504
32558 # 1504
32570 # 1504
32582 # 1504
32594 # 1504
32606 # 1504
32618 # 1504
32630 # 1504
32642 # 1504
32654 # 1504
32666 # 1504
32678 # 1504
32690 # 1504
32702 # 1504
32714 # 1504
32726 # 1504
32738 # 1504
32750 # 1504
32762 # 1504
32774 # 1504
32786 # 1504
32798 # 1504
32810 # 1504
32822 # 1504
32834 # 1504
32846 # 1504
32858 # 1504
32870 # 1504
32882 # 1504
32894 # 1504
32906 # 1504
32918 # 1504
32930 # 1504
32942 # 1504
32954 # 1504
32966 # 1504
32978 # 1504
32990 # 1504
33002 # 1504
33014 # 1504
33026 # 1504
33038 # 1504
33050 # 1504
33062 # 1504
33074 # 1504
33086 # 1504
33098 # 1504
33110 # 1504
33122 # 1504
33134 # 1504
33146 # 1504
33158 # 1504
33170 # 1504
33182 # 1504
33194 # 1504
33206 # 1504
33218 # 1504
33230 # 1504
33242 # 1504
33254 # 1504
33266 # 1504
33278 # 1504
33290 # 1504
33302 # 1504
33314 # 1504
33326 # 1504
33338 # 1504
33350 # 1504
33362 # 1504
33374 # 1504
33386 # 1504
33398 # 1504
33410 # 1504
33422 # 1504
33434 # 1504
33446 # 1504
33458 # 1504
33470 # 1504
33482 # 1504
33494 # 1504
33506 # 1504
33518 # 1504
33530 # 1504
33542 # 1504
33554 # 1504
33566 # 1504
33578 # 1504
33590 # 1504
33602 # 1504
33614 # 1504
33626 # 1504
33638 # 1504
33650 # 1504
33662 # 1504
33674 # 1504
33686 # 1504
33698 # 1504
33710 # 1504
33722 # 1504
33734 # 1504
33746 # 1504
33758 # 1504
33770 # 1504
33782 # 1504
33794 # 1504
33806 # 1504
33818 # 1504
33830 # 1504
33842 # 1504
33854 # 1504
33866 # 1504
33878 # 1504
33890 # 1504
33902 # 1504
33914 # 1504
33926 # 1504
33938 # 1504
33950 # 1504
33962 # 1504
33974 # 1504
33986 # 1504
33998 # 1504
34010 # 1504
34022 # 1504
34034 # 1504
34046 # 1504
34058 # 1504
34070 # 1504
34082 # 1504
34094 # 1504
34106 # 1504
34118 # 1504
34130 # 1504
34142 # 1504
34154 # 1504
34166 # 1504
34178 # 1504
34190 # 1504
34202 # 1504
34214 # 1504
34226 # 1504
34238 # 1504
34250 # 1504
34262 # 1504
34274 # 1504
34286 # 1504
34298 # 1504
34310 # 1504
34322 # 1504
34334 # 1504
34346 # 1504
34358 # 1504
34370 # 1504
34382 # 1504
34394 # 1504
34406 # 1504
34418 # 1504
34430 # 1504
34442 # 1504
34454 # 1504
34466 # 1504
34478 # 1504
34490 # 1504
34502 # 1504
34514 # 1504
34526 # 1504
34538 # 1504
34550 # 1504
34562 # 1504
34574 # 1504
34586 # 1504
34598 # 1504
34610 # 1504
34622 # 1504
34634 # 1504
34646 # 1504
34658 # 1504
34670 # 1504
34682 # 1504
34694 # 1504
34706 # 1504
34718 # 1504
34730 # 1504
34742 # 1504
34754 # 1504
34766 # 1504
34778 # 1504
34790 # 1504
34802 # 1504
34814 # 1504
34826 # 1504
34838 # 1504
34850 # 1504
34862 # 1504
34874 # 1504
34886 # 1504
34898 # 1504
34910 # 1504
34922 # 1504
34934 # 1504
34946 # 1504
34958 # 1504
34970 # 1504
34982 # 1504
34994 # 1504
35006 # 1504
35018 # 1504
35030 # 1504
35042 # 1504
35054 # 1504
35066 # 1504
35078 # 1504
35090 # 1504
35102 # 1504
35114 # 1504
35126 # 1504
35138 # 1504
35150 # 1504
35162 # 1504
35174 # 1504
35186 # 1504
35198 # 1504
35210 # 1504
35222 # 1504
35234 # 1504
35246 # 1504
35258 # 1504
35270 # 1504
35282 # 1504
35294 # 1504
35306 # 1504
35318 # 1504
35330 # 1504
35342 # 1504
35354 # 1504
35366 # 1504
35378 # 1504
35390 # 1504
35402 # 1504
35414 # 1504
35426 # 1504
35438 # 1504
35450 # 1504
35462 # 1504
35474 # 1504
35486 # 1504
35498 # 1504
35510 # 1504
35522 # 1504
35534 # 1504
35546 # 1504
35558 # 1504
35570 # 1504
35582 # 1504
35594 # 1504
35606 # 1504
35618 # 1504
35630 # 1504
35642 # 1504
35654 # 1504
35666 # 1504
35678 # 1504
35690 # 1504
35702 # 1504
35714 # 1504
35726 # 1504
35738 # 1504
35750 # 1504
35762 # 1504
35774 # 1504
35786 # 1504
35798 # 1504
35810 # 1504
35822 # 1504
35834 # 1504
35846 # 1504
35858 # 1504
35870 # 1504
35882 # 1504
35894 # 1504
35906 # 1504
35918 # 1504
35930 # 1504
35942 # 1504
35954 # 1504
35966 # 1504
35978 # 1504
35990 # 1504
36002 # 1504
36014 # 1504
36026 # 1504
36038 # 1504
36050 # 1504
36062 # 1504
36074 # 1504
36086 # 1504
36098 # 1504
36110 # 1504
36122 # 1504
36134 # 1504
36146 # 1504
36158 # 1504
36170 # 1504
36182 # 1504
36194 # 1504
36206 # 1504
36218 # 1504
36230 # 1504
36242 # 1504
36254 # 1504
36266 # 1504
36278 # 1504
36290 # 1504
36302 # 1504
36314 # 1504
36326 # 1504
36338 # 1504
36350 # 1504
36362 # 1504
36374 # 1504
36386 # 1504
36398 # 1504
36410 # 1504
36422 # 1504
36434 # 1504
36446 # 1504
36458 # 1504
36470 # 1504
36482 # 1504
36494 # 1504
36506 # 1504
36518 # 1504
36530 # 1504
36542 # 1504
36554 # 1504
36566 # 1504
36578 # 1504
36590 # 1504
36602 # 1504
36614 # 1504
36626 # 1504
36638 # 1504
36650 # 1504
36662 # 1504
36674 # 1504
36686 # 1504
36698 # 1504
36710 # 1504
36722 # 1504
36734 # 1504
36746 # 1504
36758 # 1504
36770 # 1504
36782 # 1504
36794 # 1504
36806 # 1504
36818 # 1504
36830 # 1504
36842 # 1504
36854 # 1504
36866 # 1504
36878 # 1504
36890 # 1504
36902 # 1504
36914 # 1504
36926 # 1504
36938 # 1504
36950 # 1504
36962 # 1504
36974 # 1504
36986 # 1504
36998 # 1504
37010 # 1504
37022 # 1504
37034 # 1504
37046 # 1504
37058 # 1504
37070 # 1504
37082 # 1504
37094 # 1504
37106 # 1504
37118 # 1504
37130 # 1504
37142 # 1504
37154 # 1504
37166 # 1504
37178 # 1504
37190 # 1504
37202 # 1504
37214 # 1504
37226 # 1504
37238 # 1504
37250 # 1504
37262 # 1504
37274 # 1504
37286 # 1504
37298 # 1504
37310 # 1504
37322 # 1504
37334 # 1504
37346 # 1504
37358 # 1504
37370 # 1504
37382 # 1504
37394 # 1504
37406 # 1504
37418 # 1504
37430 # 1504
37442 # 1504
37454 # 1504
37466 # 1504
37478 # 1504
37490 # 1504
37502 # 1504
37514 # 1504
37526 # 1504
37538 # 1504
37550 # 1504
37562 # 1504
37574 # 1504
37586 # 1504
37598 # 1504
37610 # 1504
37622 # 1504
37634 # 1504
37646 # 1504
37658 # 1504
37670 # 1504
37682 # 1504
37694 # 1504
37706 # 1504
37718 # 1504
37730 # 1504
37742 # 1504
37754 # 1504
37766 # 1504
37778 # 1504
37790 # 1504
37802 # 1504
37814 # 1504
37826 # 1504
37838 # 1504
37850 # 1504
37862 # 1504
37874 # 1504
37886 # 1504
37898 # 1504
37910 # 1504
37922 # 1504
37934 # 1504
37946 # 1504
37958 # 1504
37970 # 1504
37982 # 1504
37994 # 1504
38006 # 1504
38018 # 1504
38030 # 1504
38042 # 1504
38054 # 1504
38066 # 1504
38078 # 1504
38090 # 1504
38102 # 1504
38114 # 1504
38126 # 1504
38138 # 1504
38150 # 1504
38162 # 1504
38174 # 1504
38186 # 1504
38198 # 1504
38210 # 1504
38222 # 1504
38234 # 1504
38246 # 1504
38258 # 1504
38270 # 1504
38282 # 1504
38294 # 1504
38306 # 1504
38318 # 1504
38330 # 1504
38342 # 1504
38354 # 1504
38366 # 1504
38378 # 1504
38390 # 1504
38402 # 1504
38414 # 1504
38426 # 1504
38438 # 1504
38450 # 1504
38462 # 1504
38474 # 1504
38486 # 1504
38498 # 1504
38510 # 1504
38522 # 1504
38534 # 1504
38546 # 1504
38558 # 1504
38570 # 1504
38582 # 1504
38594 # 1504
38606 # 1504
38618 # 1504
38630 # 1504
38642 # 1504
38654 # 1504
38666 # 1504
38678 # 1504
38690 # 1504
38702 # 1504
38714 # 1504
38726 # 1504
38738 # 1504
38750 # 1504
38762 # 1504
38774 # 1504
38786 # 1504
38798 # 1504
38810 # 1504
38822 # 1504
38834 # 1504
38846 # 1504
38858 # 1504
38870 # 1504
38882 # 1504
38894 # 1504
38906 # 1504
38918 # 1504
38930 # 1504
38942 # 1504
38954 # 1504
38966 # 1504
38978 # 1504
38990 # 1504
39002 # 1504
39014 # 1504
39026 # 1504
39038 # 1504
39050 # 1504
39062 # 1504
39074 # 1504
39086 # 1504
39098 # 1504
39110 # 1504
39122 # 1504
39134 # 1504
39146 # 1504
39158 # 1504
39170 # 1504
39182 # 1504
39194 # 1504
39206 # 1504
39218 # 1504
39230 # 1504
39242 # 1504
39254 # 1504
39266 # 1504
39278 # 1504
39290 # 1504
39302 # 1504
39314 # 1504
39326 # 1504
39338 # 1504
39350 # 1504
39362 # 1504
39374 # 1504
39386 # 1504
39398 # 1504
39410 # 1504
39422 # 1504
39434 # 1504
39446 # 1504
39458 # 1504
39470 # 1504
39482 # 1504
39494 # 1504
39506 # 1504
39518 # 1504
39530 # 1504
39542 # 1504
39554 # 1504
39566 # 1504
39578 # 1504
39590 # 1504
39602 # 1504
39614 # 1504
39626 # 1504
39638 # 1504
39650 # 1504
39662 # 1504
39674 # 1504
39686 # 1504
39698 # 1504
39710 # 1504
39722 # 1504
39734 # 1504
39746 # 1504
39758 # 1504
39770 # 1504
39782 # 1504
39794 # 1504
39806 # 1504
39818 # 1504
39830 # 1504
39842 # 1504
39854 # 1504
39866 # 1504
39878 # 1504
39890 # 1504
39902 # 1504
39914 # 1504
39926 # 1504
39938 # 1504
39950 # 1504
39962 # 1504
39974 # 1504
39986 # 1504
39998 # 1504
40010 # 1504
40022 # 1504
40034 # 1504
40046 # 1504
40058 # 1504
40070 # 1504
40082 # 1504
40094 # 1504
40106 # 1504
40118 # 1504
40130 # 1504
40142 # 1504
40154 # 1504
40166 # 1504
40178 # 1504
40190 # 1504
40202 # 1504
40214 # 1504
40226 # 1504
40238 # 1504
40250 # 1504
40262 # 1504
40274 # 1504
40286 # 1504
40298 # 1504
40310 # 1504
40322 # 1504
40334 # 1504
40346 # 1504
40358 # 1504
40370 # 1504
40382 # 1504
40394 # 1504
40406 # 1504
40418 # 1504
40430 # 1504
40442 # 1504
40454 # 1504
40466 # 1504
40478 # 1504
40490 # 1504
40502 # 1504
40514 # 1504
40526 # 1504
40538 # 1504
40550 # 1504
40562 # 1504
40574 # 1504
40586 # 1504
40598 # 1504
40610 # 1504
40622 # 1504
40634 # 1504
40646 # 1504
40658 # 1504
40670 # 1504
40682 # 1504
40694 # 1504
40706 # 1504
40718 # 1504
40730 # 1504
40742 # 1504
40754 # 1504
40766 # 1504
40778 # 1504
40790 # 1504
40802 # 1504
40814 # 1504
40826 # 1504
40838 # 1504
40850 # 1504
40862 # 1504
40874 # 1504
40886 # 1504
40898 # 1504
40910 # 1504
40922 # 1504
40934 # 1504
40946 # 1504
40958 # 1504
40970 # 1504
40982 # 1504
40994 # 1504
41006 # 1504
41018 # 1504
41030 # 1504
41042 # 1504
41054 # 1504
41066 # 1504
41078 # 1504
41090 # 1504
41102 # 1504
41114 # 1504
41126 # 1504
41138 # 1504
41150 # 1504
41162 # 1504
41174 # 1504
41186 # 1504
41198 # 1504
41210 # 1504
41222 # 1504
41234 # 1504
41246 # 1504
41258 # 1504
41270 # 1504
41282 # 1504
41294 # 1504
41306 # 1504
41318 # 1504
41330 # 1504
41342 # 1504
41354 # 1504
41366 # 1504
41378 # 1504
41390 # 1504
41402 # 1504
41414 # 1504
41426 # 1504
41438 # 1504
41450 # 1504
41462 # 1504
41474 # 1504
41486 # 1504
41498 # 1504
41510 # 1504
41522 # 1504
41534 # 1504
41546 # 1504
41558 # 1504
41570 # 1504
41582 # 1504
41594 # 1504
41606 # 1504
41618 # 1504
41630 # 1504
41642 # 1504
41654 # 1504
41666 # 1504
41678 # 1504
41690 # 1504
41702 # 1504
41714 # 1504
41726 # 1504
41738 # 1504
41750 # 1504
41762 # 1504
41774 # 1504
41786 # 1504
41798 # 1504
41810 # 1504
41822 # 1504
41834 # 1504
41846 # 1504
41858 # 1504
41870 # 1504
41882 # 1504
41894 # 1504
41906 # 1504
41918 # 1504
41930 # 1504
41942 # 1504
41954 # 1504
41966 # 1504
41978 # 1504
41990 # 1504
42002 # 1504
42014 # 1504
42026 # 1504
42038 # 1504
42050 # 1504
42062 # 1504
42074 # 1504
42086 # 1504
42098 # 1504
42110 # 1504
42122 # 1504
42134 # 1504
42146 # 1504
42158 # 1504
42170 # 1504
42182 # 1504
42194 # 1504
42206 # 1504
42218 # 1504
42230 # 1504
42242 # 1504
42254 # 1504
42266 # 1504
42278 # 1504
42290 # 1504
42302 # 1504
42314 # 1504
42326 # 1504
42338 # 1504
42350 # 1504
42362 # 1504
42374 # 1504
42386 # 1504
42398 # 1504
42410 # 1504
42422 # 1504
42434 # 1504
42446 # 1504
42458 # 1504
42470 # 1504
42482 # 1504
42494 # 1504
42506 # 1504
42518 # 1504
42530 # 1504
42542 # 1504
42554 # 1504
42566 # 1504
42578 # 1504
42590 # 1504
42602 # 1504
42614 # 1504
42626 # 1504
42638 # 1504
42650 # 1504
42662 # 1504
42674 # 1504
42686 # 1504
42698 # 1504
42710 # 1504
42722 # 1504
42734 # 1504
42746 # 1504
42758 # 1504
42770 # 1504
42782 # 1504
42794 # 1504
42806 # 1504
42818 # 1504
42830 # 1504
42842 # 1504
42854 # 1504
42866 # 1504
42878 # 1504
42890 # 1504
42902 # 1504
42914 # 1504
42926 # 1504
42938 # 1504
42950 # 1504
42962 # 1504
42974 # 1504
42986 # 1504
42998 # 1504
43010 # 1504
43022 # 1504
43034 # 1504
43046 # 1504
43058 # 1504
43070 # 1504
43082 # 1504
43094 # 1504
43106 # 1504
43118 # 1504
43130 # 1504
43142 # 1504
43154 # 1504
43166 # 1504
43178 # 1504
43190 # 1504
43202 # 1504
43214 # 1504
43226 # 1504
43238 # 1504
43250 # 1504
43262 # 1504
43274 # 1504
43286 # 1504
43298 # 1504
43310 # 1504
43322 # 1504
43334 # 1504
43346 # 1504
43358 # 1504
43370 # 1504
43382 # 1504
43394 # 1504
43406 # 1504
43418 # 1504
43430 # 1504
43442 # 1504
43454 # 1504
43466 # 1504
43478 # 1504
43490 # 1504
43502 # 1504
43514 # 1504
43526 # 1504
43538 # 1504
43550 # 1504
43562 # 1504
43574 # 1504
43586 # 1504
43598 # 1504
43610 # 1504
43622 # 1504
43634 # 1504
43646 # 1504
43658 # 1504
43670 # 1504
43682 # 1504
43694 # 1504
43706 # 1504
43718 # 1504
43730 # 1504
43742 # 1504
43754 # 1504
43766 # 1504
43778 # 1504
43790 # 1504
43802 # 1504
43814 # 1504
43826 # 1504
43838 # 1504
43850 # 1504
43862 # 1504
43874 # 1504
43886 # 1504
43898 # 1504
43910 # 1504
43922 # 1504
43934 # 1504
43946 # 1504
43958 # 1504
43970 # 1504
43982 # 1504
43994 # 1504
44006 # 1504
44018 # 1504
44030 # 1504
44042 # 1504
44054 # 1504
44066 # 1504
44078 # 1504
44090 # 1504
44102 # 1504
44114 # 1504
44126 # 1504
44138 # 1504
44150 # 1504
44162 # 1504
44174 # 1504
44186 # 1504
44198 # 1504
44210 # 1504
44222 # 1504
44234 # 1504
44246 # 1504
44258 # 1504
44270 # 1504
44282 # 1504
44294 # 1504
44306 # 1504
44318 # 1504
44330 # 1504
44342 # 1504
44354 # 1504
44366 # 1504
44378 # 1504
44390 # 1504
44402 # 1504
44414 # 1504
44426 # 1504
44438 # 1504
44450 # 1504
44462 # 1504
44474 # 1504
44486 # 1504
44498 # 1504
44510 # 1504
44522 # 1504
44534 # 1504
44546 # 1504
44558 # 1504
44570 # 1504
44582 # 1504
44594 # 1504
44606 # 1504
44618 # 1504
44630 # 1504
44642 # 1504
44654 # 1504
44666 # 1504
44678 # 1504
44690 # 1504
44702 # 1504
44714 # 1504
44726 # 1504
44738 # 1504
44750 # 1504
44762 # 1504
44774 # 1504
44786 # 1504
44798 # 1504
44810 # 1504
44822 # 1504
44834 # 1504
44846 # 1504
44858 # 1504
44870 # 1504
44882 # 1504
44894 # 1504
44906 # 1504
44918 # 1504
44930 # 1504
44942 # 1504
44954 # 1504
44966 # 1504
44978 # 1504
44990 # 1504
45002 # 1504
45014 # 1504
45026 # 1504
45038 # 1504
45050 # 1504
45062 # 1504
45074 # 1504
45086 # 1504
45098 # 1504
45110 # 1504
45122 # 1504
45134 # 1504
45146 # 1504
45158 # 1504
45170 # 1504
45182 # 1504
45194 # 1504
45206 # 1504
45218 # 1504
45230 # 1504
45242 # 1504
45254 # 1504
45266 # 1504
45278 # 1504
45290 # 1504
45302 # 1504
45314 # 1504
45326 # 1504
45338 # 1504
45350 # 1504
45362 # 1504
45374 # 1504
45386 # 1504
45398 # 1504
45410 # 1504
45422 # 1504
45434 # 1504
45446 # 1504
45458 # 1504
45470 # 1504
45482 # 1504
45494 # 1504
45506 # 1504
45518 # 1504
45530 # 1504
45542 # 1504
45554 # 1504
45566 # 1504
45578 # 1504
45590 # 1504
45602 # 1504
45614 # 1504
45626 # 1504
45638 # 1504
45650 # 1504
45662 # 1504
45674 # 1504
45686 # 1504
45698 # 1504
45710 # 1504
45722 # 1504
45734 # 1504
45746 # 1504
45758 # 1504
45770 # 1504
45782 # 1504
45794 # 1504
45806 # 1504
45818 # 1504
45830 # 1504
45842 # 1504
45854 # 1504
45866 # 1504
45878 # 1504
45890 # 1504
45902 # 1504
45914 # 1504
45926 # 1504
45938 # 1504
45950 # 1504
45962 # 1504
45974 # 1504
45986 # 1504
45998 # 1504
46010 # 1504
46022 # 1504
46034 # 1504
46046 # 1504
46058 # 1504
46070 # 1504
46082 # 1504
46094 # 1504
46106 # 1504
46118 # 1504
46130 # 1504
46142 # 1504
46154 # 1504
46166 # 1504
46178 # 1504
46190 # 1504
46202 # 1504
46214 # 1504
46226 # 1504
46238 # 1504
46250 # 1504
46262 # 1504
46274 # 1504
46286 # 1504
46298 # 1504
46310 # 1504
46322 # 1504
46334 # 1504
46346 # 1504
46358 # 1504
46370 # 1504
46382 # 1504
46394 # 1504
46406 # 1504
46418 # 1504
46430 # 1504
46442 # 1504
46454 # 1504
46466 # 1504
46478 # 1504
46490 # 1504
46502 # 1504
46514 # 1504
46526 # 1504
46538 # 1504
46550 # 1504
46562 # 1504
46574 # 1504
46586 # 1504
46598 # 1504
46610 # 1504
46622 # 1504
46634 # 1504
46646 # 1504
46658 # 1504
46670 # 1504
46682 # 1504
46694 # 1504
46706 # 1504
46718 # 1504
46730 # 1504
46742 # 1504
46754 # 1504
46766 # 1504
46778 # 1504
46790 # 1504
46802 # 1504
46814 # 1504
46826 # 1504
46838 # 1504
46850 # 1504
46862 # 1504
46874 # 1504
46886 # 1504
46898 # 1504
46910 # 1504
46922 # 1504
46934 # 1504
46946 # 1504
46958 # 1504
46970 # 1504
46982 # 1504
46994 # 1504
47006 # 1504
47018 # 1504
47030 # 1504
47042 # 1504
47054 # 1504
47066 # 1504
47078 # 1504
47090 # 1504
47102 # 1504
47114 # 1504
47126 # 1504
47138 # 1504
47150 # 1504
47162 # 1504
47174 # 1504
47186 # 1504
47198 # 1504
47210 # 1504
47222 # 1504
47234 # 1504
47246 # 1504
47258 # 1504
47270 # 1504
47282 # 1504
47294 # 1504
47306 # 1504
47318 # 1504
47330 # 1504
47342 # 1504
47354 # 1504
47366 # 1504
47378 # 1504
47390 # 1504
47402 # 1504
47414 # 1504
47426 # 1504
47438 # 1504
47450 # 1504
47462 # 1504
47474 # 1504
47486 # 1504
47498 # 1504
47510 # 1504
47522 # 1504
47534 # 1504
47546 # 1504
47558 # 1504
47570 # 1504
47582 # 1504
47594 # 1504
47606 # 1504
47618 # 1504
47630 # 1504
47642 # 1504
47654 # 1504
47666 # 1504
47678 # 1504
47690 # 1504
47702 # 1504
47714 # 1504
47726 # 1504
47738 # 1504
47750 # 1504
47762 # 1504
47774 # 1504
47786 # 1504
47798 # 1504
47810 # 1504
47822 # 1504
47834 # 1504
47846 # 1504
47858 # 1504
47870 # 1504
47882 # 1504
47894 # 1504
47906 # 1504
47918 # 1504
47930 # 1504
47942 # 1504
47954 # 1504
47966 # 1504
47978 # 1504
47990 # 1504
48002 # 1504
48014 # 1504
48026 # 1504
48038 # 1504
48050 # 1504
48062 # 1504
48074 # 1504
48086 # 1504
48098 # 1504
48110 # 1504
48122 # 1504
48134 # 1504
48146 # 1504
48158 # 1504
48170 # 1504
48182 # 1504
48194 # 1504
48206 # 1504
48218 # 1504
48230 # 1504
48242 # 1504
48254 # 1504
48266 # 1504
48278 # 1504
48290 # 1504
48302 # 1504
48314 # 1504
48326 # 1504
48338 # 1504
48350 # 1504
48362 # 1504
48374 # 1504
48386 # 1504
48398 # 1504
48410 # 1504
48422 # 1504
48434 # 1504
48446 # 1504
48458 # 1504
48470 # 1504
48482 # 1504
48494 # 1504
48506 # 1504
48518 # 1504
48530 # 1504
48542 # 1504
48554 # 1504
48566 # 1504
48578 # 1504
48590 # 1504
48602 # 1504
48614 # 1504
48626 # 1504
48638 # 1504
48650 # 1504
48662 # 1504
48674 # 1504
48686 # 1504
48698 # 1504
48710 # 1504
48722 # 1504
48734 # 1504
48746 # 1504
48758 # 1504
48770 # 1504
48782 # 1504
48794 # 1504
48806 # 1504
48818 # 1504
48830 # 1504
48842 # 1504
48854 # 1504
48866 # 1504
48878 # 1504
48890 # 1504
48902 # 1504
48914 # 1504
48926 # 1504
48938 # 1504
48950 # 1504
48962 # 1504
48974 # 1504
48986 # 1504
48998 # 1504
49010 # 1504
49022 # 1504
49034 # 1504
49046 # 1504
49058 # 1504
49070 # 1504
49082 # 1504
49094 # 1504
49106 # 1504
49118 # 1504
49130 # 1504
49142 # 1504
49154 # 1504
49166 # 1504
49178 # 1504
49190 # 1504
49202 # 1504
49214 # 1504
49226 # 1504
49238 # 1504
49250 # 1504
49262 # 1504
49274 # 1504
49286 # 1504
49298 # 1504
49310 # 1504
49322 # 1504
49334 # 1504
49346 # 1504
49358 # 1504
49370 # 1504
49382 # 1504
49394 # 1504
49406 # 1504
49418 # 1504
49430 # 1504
49442 # 1504
49454 # 1504
49466 # 1504
49478 # 1504
49490 # 1504
49502 # 1504
49514 # 1504
49526 # 1504
49538 # 1504
49550 # 1504
49562 # 1504
49574 # 1504
49586 # 1504
49598 # 1504
49610 # 1504
49622 # 1504
49634 # 1504
49646 # 1504
49658 # 1504
49670 # 1504
49682 # 1504
49694 # 1504
49706 # 1504
49718 # 1504
49730 # 1504
49742 # 1504
49754 # 1504
49766 # 1504
49778 # 1504
49790 # 1504
49802 # 1504
49814 # 1504
49826 # 1504
49838 # 1504
49850 # 1504
49862 # 1504
49874 # 1504
49886 # 1504
49898 # 1504
49910 # 1504
49922 # 1504
49934 # 1504
49946 # 1504
49958 # 1504
49970 # 1504
49982 # 1504
49994 # 1504
50006 # 1504
50018 # 1504
50030 # 1504
50042 # 1504
50054 # 1504
50066 # 1504
50078 # 1504
50090 # 1504
50102 # 1504
50114 # 1504
50126 # 1504
50138 # 1504
50150 # 1504
50162 # 1504
50174 # 1504
50186 # 1504
50198 # 1504
50210 # 1504
50222 # 1504
50234 # 1504
50246 # 1504
50258 # 1504
50270 # 1504
50282 # 1504
50294 # 1504
50306 # 1504
50318 # 1504
50330 # 1504
50342 # 1504
50354 # 1504
50366 # 1504
50378 # 1504
50390 # 1504
50402 # 1504
50414 # 1504
50426 # 1504
50438 # 1504
50450 # 1504
50462 # 1504
50474 # 1504
50486 # 1504
50498 # 1504
50510 # 1504
50522 # 1504
50534 # 1504
50546 # 1504
50558 # 1504
50570 # 1504
50582 # 1504
50594 # 1504
50606 # 1504
50618 # 1504
50630 # 1504
50642 # 1504
50654 # 1504
50666 # 1504
50678 # 1504
50690 # 1504
50702 # 1504
50714 # 1504
50726 # 1504
50738 # 1504
50750 # 1504
50762 # 1504
50774 # 1504
50786 # 1504
50798 # 1504
50810 # 1504
50822 # 1504
50834 # 1504
50846 # 1504
50858 # 1504
50870 # 1504
50882 # 1504
50894 # 1504
50906 # 1504
50918 # 1504
50930 # 1504
50942 # 1504
50954 # 1504
50966 # 1504
50978 # 1504
50990 # 1504
51002 # 1504
51014 # 1504
51026 # 1504
51038 # 1504
51050 # 1504
51062 # 1504
51074 # 1504
51086 # 1504
51098 # 1504
51110 # 1504
51122 # 1504
51134 # 1504
51146 # 1504
51158 # 1504
51170 # 1504
51182 # 1504
51194 # 1504
51206 # 1504
51218 # 1504
51230 # 1504
51242 # 1504
51254 # 1504
51266 # 1504
51278 # 1504
51290 # 1504
51302 # 1504
51314 # 1504
51326 # 1504
51338 # 1504
51350 # 1504
51362 # 1504
51374 # 1504
51386 # 1504
51398 # 1504
51410 # 1504
51422 # 1504
51434 # 1504
51446 # 1504
51458 # 1504
51470 # 1504
51482 # 1504
51494 # 1504
51506 # 1504
51518 # 1504
51530 # 1504
51542 # 1504
51554 # 1504
51566 # 1504
51578 # 1504
51590 # 1504
51602 # 1504
51614 # 1504
51626 # 1504
51638 # 1504
51650 # 1504
51662 # 1504
51674 # 1504
51686 # 1504
51698 # 1504
51710 # 1504
51722 # 1504
51734 # 1504
51746 # 1504
51758 # 1504
51770 # 1504
51782 # 1504
51794 # 1504
51806 # 1504
51818 # 1504
51830 # 1504
51842 # 1504
51854 # 1504
51866 # 1504
51878 # 1504
51890 # 1504
51902 # 1504
51914 # 1504
51926 # 1504
51938 # 1504
51950 # 1504
51962 # 1504
51974 # 1504
51986 # 1504
51998 # 1504
52010 # 1504
52022 # 1504
52034 # 1504
52046 # 1504
52058 # 1504
52070 # 1504
52082 # 1504
52094 # 1504
52106 # 1504
52118 # 1504
52130 # 1504
52142 # 1504
52154 # 1504
52166 # 1504
52178 # 1504
52190 # 1504
52202 # 1504
52214 # 1504
52226 # 1504
52238 # 1504
52250 # 1504
52262 # 1504
52274 # 1504
52286 # 1504
52298 # 1504
52310 # 1504
52322 # 1504
52334 # 1504
52346 # 1504
52358 # 1504
52370 # 1504
52382 # 1504
52394 # 1504
52406 # 1504
52418 # 1504
52430 # 1504
52442 # 1504
52454 # 1504
52466 # 1504
52478 # 1504
52490 # 1504
52502 # 1504
52514 # 1504
52526 # 1504
52538 # 1504
52550 # 1504
52562 # 1504
52574 # 1504
52586 # 1504
52598 # 1504
52610 # 1504
52622 # 1504
52634 # 1504
52646 # 1504
52658 # 1504
52670 # 1504
52682 # 1504
52694 # 1504
52706 # 1504
52718 # 1504
52730 # 1504
52742 # 1504
52754 # 1504
52766 # 1504
52778 # 1504
52790 # 1504
52802 # 1504
52814 # 1504
52826 # 1504
52838 # 1504
52850 # 1504
52862 # 1504
52874 # 1504
52886 # 1504
52898 # 1504
52910 # 1504
52922 # 1504
52934 # 1504
52946 # 1504
52958 # 1504
52970 # 1504
52982 # 1504
52994 # 1504
53006 # 1504
53018 # 1504
53030 # 1504
53042 # 1504
53054 # 1504
53066 # 1504
53078 # 1504
53090 # 1504
53102 # 1504
53114 # 1504
53126 # 1504
53138 # 1504
53150 # 1504
53162 # 1504
53174 # 1504
53186 # 1504
53198 # 1504
53210 # 1504
53222 # 1504
53234 # 1504
53246 # 1504
53258 # 1504
53270 # 1504
53282 # 1504
53294 # 1504
53306 # 1504
53318 # 1504
53330 # 1504
53342 # 1504
53354 # 1504
53366 # 1504
53378 # 1504
53390 # 1504
53402 # 1504
53414 # 1504
53426 # 1504
53438 # 1504
53450 # 1504
53462 # 1504
53474 # 1504
53486 # 1504
53498 # 1504
53510 # 1504
53522 # 1504
53534 # 1504
53546 # 1504
53558 # 1504
53570 # 1504
53582 # 1504
53594 # 1504
53606 # 1504
53618 # 1504
53630 # 1504
53642 # 1504
53654 # 1504
53666 # 1504
53678 # 1504
53690 # 1504
53702 # 1504
53714 # 1504
53726 # 1504
53738 # 1504
53750 # 1504
53762 # 1504
53774 # 1504
53786 # 1504
53798 # 1504
53810 # 1504
53822 # 1504
53834 # 1504
53846 # 1504
53858 # 1504
53870 # 1504
53882 # 1504
53894 # 1504
53906 # 1504
53918 # 1504
53930 # 1504
53942 # 1504
53954 # 1504
53966 # 1504
53978 # 1504
53990 # 1504
54002 # 1504
54014 # 1504
54026 # 1504
54038 # 1504
54050 # 1504
54062 # 1504
54074 # 1504
54086 # 1504
54098 # 1504
54110 # 1504
54122 # 1504
54134 # 1504
54146 # 1504
54158 # 1504
54170 # 1504
54182 # 1504
54194 # 1504
54206 # 1504
54218 # 1504
54230 # 1504
54242 # 1504
54254 # 1504
54266 # 1504
54278 # 1504
54290 # 1504
54302 # 1504
54314 # 1504
54326 # 1504
54338 # 1504
54350 # 1504
54362 # 1504
54374 # 1504
54386 # 1504
54398 # 1504
54410 # 1504
54422 # 1504
54434 # 1504
54446 # 1504
54458 # 1504
54470 # 1504
54482 # 1504
54494 # 1504
54506 # 1504
54518 # 1504
54530 # 1504
54542 # 1504
54554 # 1504
54566 # 1504
54578 # 1504
54590 # 1504
54602 # 1504
54614 # 1504
54626 # 1504
54638 # 1504
54650 # 1504
54662 # 1504
54674 # 1504
54686 # 1504
54698 # 1504
54710 # 1504
54722 # 1504
54734 # 1504
54746 # 1504
54758 # 1504
54770 # 1504
54782 # 1504
54794 # 1504
54806 # 1504
54818 # 1504
54830 # 1504
54842 # 1504
54854 # 1504
54866 # 1504
54878 # 1504
54890 # 1504
54902 # 1504
54914 # 1504
54926 # 1504
54938 # 1504
54950 # 1504
54962 # 1504
54974 # 1504
54986 # 1504
54998 # 1504
55010 # 1504
55022 # 1504
55034 # 1504
55046 # 1504
55058 # 1504
55070 # 1504
55082 # 1504
55094 # 1504
55106 # 1504
55118 # 1504
55130 # 1504
55142 # 1504
55154 # 1504
55166 # 1504
55178 # 1504
55190 # 1504
55202 # 1504
55214 # 1504
55226 # 1504
55238 # 1504
55250 # 1504
55262 # 1504
55274 # 1504
55286 # 1504
55298 # 1504
55310 # 1504
55322 # 1504
55334 # 1504
55346 # 1504
55358 # 1504
55370 # 1504
55382 # 1504
55394 # 1504
55406 # 1504
55418 # 1504
55430 # 1504
55442 # 1504
55454 # 1504
55466 # 1504
55478 # 1504
55490 # 1504
55502 # 1504
55514 # 1504
55526 # 1504
55538 # 1504
55550 # 1504
55562 # 1504
55574 # 1504
55586 # 1504
55598 # 1504
55610 # 1504
55622 # 1504
55633 + 52
55634 # 1504
55634 - 52 1
55646 # 1504
55658 # 1504
55670 # 1504
55682 # 1504
55694 # 1504
55706 # 1504
55718 # 1504
55730 # 1504
55742 # 1504
55754 # 1504
55766 # 1504
55778 # 1504
55790 # 1504
55802 # 1504
55814 # 1504
55826 # 1504
55838 # 1504
55850 # 1504
55862 # 1504
55874 # 1504
55886 # 1504
55898 # 1504
55910 # 1504
55922 # 1504
55934 # 1504
55946 # 1504
55958 # 1504
55970 # 1504
55982 # 1504
55994 # 1504
56006 # 1504
56018 # 1504
56030 # 1504
56042 # 1504
56054 # 1504
56066 # 1504
56078 # 1504
56090 # 1504
56102 # 1504
56114 # 1504
56126 # 1504
56138 # 1504
56150 # 1504
56162 # 1504
56174 # 1504
56186 # 1504
56198 # 1504
56210 # 1504
56222 # 1504
56234 # 1504
56246 # 1504
56258 # 1504
56270 # 1504
56282 # 1504
56294 # 1504
56306 # 1504
56318 # 1504
56330 # 1504
56342 # 1504
56354 # 1504
56366 # 1504
56378 # 1504
56390 # 1504
56402 # 1504
56414 # 1504
56426 # 1504
56438 # 1504
56450 # 1504
56462 # 1504
56474 # 1504
56486 # 1504
56498 # 1504
56510 # 1504
56522 # 1504
56534 # 1504
56546 # 1504
56558 # 1504
56570 # 1504
56582 # 1504
56594 # 1504
56606 # 1504
56618 # 1504
56630 # 1504
56642 # 1504
56654 # 1504
56666 # 1504
56678 # 1504
56690 # 1504
56702 # 1504
56714 # 1504
56726 # 1504
56738 # 1504
56750 # 1504
56762 # 1504
56774 # 1504
56786 # 1504
56798 # 1504
56810 # 1504
56822 # 1504
56834 # 1504
56846 # 1504
56858 # 1504
56870 # 1504
56882 # 1504
56894 # 1504
56906 # 1504
56918 # 1504
56930 # 1504
56942 # 1504
56954 # 1504
56966 # 1504
56978 # 1504
56990 # 1504
57002 # 1504
57014 # 1504
57026 # 1504
57038 # 1504
57050 # 1504
57062 # 1504
57074 # 1504
57086 # 1504
57098 # 1504
57110 # 1504
57122 # 1504
57134 # 1504
57146 # 1504
57158 # 1504
57170 # 1504
57182 # 1504
57194 # 1504
57206 # 1504
57218 # 1504
57230 # 1504
57242 # 1504
57254 # 1504
57266 # 1504
57278 # 1504
57290 # 1504
57302 # 1504
57314 # 1504
57326 # 1504
57338 # 1504
57350 # 1504
57362 # 1504
57374 # 1504
57386 # 1504
57398 # 1504
57410 # 1504
57422 # 1504
57434 # 1504
57446 # 1504
57458 # 1504
57470 # 1504
57482 # 1504
57494 # 1504
57506 # 1504
57518 # 1504
57530 # 1504
57542 # 1504
57554 # 1504
57566 # 1504
57578 # 1504
57590 # 1504
57602 # 1504
57614 # 1504
57626 # 1504
57638 # 1504
57650 # 1504
57662 # 1504
57674 # 1504
57686 # 1504
57698 # 1504
57710 # 1504
57722 # 1504
57734 # 1504
57746 # 1504
57758 # 1504
57770 # 1504
57782 # 1504
57794 # 1504
57806 # 1504
57818 # 1504
57830 # 1504
57842 # 1504
57854 # 1504
57866 # 1504
57878 # 1504
57890 # 1504
57902 # 1504
57914 # 1504
57926 # 1504
57938 # 1504
57950 # 1504
57962 # 1504
57974 # 1504
57986 # 1504
57998 # 1504
58010 # 1504
58022 # 1504
58034 # 1504
58046 # 1504
58058 # 1504
58070 # 1504
58082 # 1504
58094 # 1504
58106 # 1504
58118 # 1504
58130 # 1504
58142 # 1504
58154 # 1504
58166 # 1504
58178 # 1504
58190 # 1504
58202 # 1504
58214 # 1504
58226 # 1504
58238 # 1504
58250 # 1504
58262 # 1504
58274 # 1504
58286 # 1504
58298 # 1504
58310 # 1504
58322 # 1504
58334 # 1504
58346 # 1504
58358 # 1504
58370 # 1504
58382 # 1504
58394 # 1504
58406 # 1504
58418 # 1504
58430 # 1504
58442 # 1504
58454 # 1504
58466 # 1504
58478 # 1504
58490 # 1504
58502 # 1504
58514 # 1504
58526 # 1504
58538 # 1504
58550 # 1504
58562 # 1504
58574 # 1504
58586 # 1504
58598 # 1504
58610 # 1504
58622 # 1504
58634 # 1504
58646 # 1504
58658 # 1504
58670 # 1504
58682 # 1504
58694 # 1504
58706 # 1504
58718 # 1504
58730 # 1504
58742 # 1504
58754 # 1504
58766 # 1504
58778 # 1504
58790 # 1504
58802 # 1504
58814 # 1504
58826 # 1504
58838 # 1504
58850 # 1504
58862 # 1504
58874 # 1504
58886 # 1504
58898 # 1504
58910 # 1504
58922 # 1504
58934 # 1504
58946 # 1504
58958 # 1504
58970 # 1504
58982 # 1504
58994 # 1504
59006 # 1504
59018 # 1504
59030 # 1504
59042 # 1504
59054 # 1504
59066 # 1504
59078 # 1504
59090 # 1504
59102 # 1504
59114 # 1504
59126 # 1504
59138 # 1504
59150 # 1504
59162 # 1504
59174 # 1504
59186 # 1504
59198 # 1504
59210 # 1504
59222 # 1504
59234 # 1504
59246 # 1504
59258 # 1504
59270 # 1504
59282 # 1504
59294 # 1504
59306 # 1504
59318 # 1504
59330 # 1504
59342 # 1504
59354 # 1504
59366 # 1504
59378 # 1504
59390 # 1504
59402 # 1504
59414 # 1504
59426 # 1504
59438 # 1504
59450 # 1504
59462 # 1504
59474 # 1504
59486 # 1504
59498 # 1504
59510 # 1504
59522 # 1504
59534 # 1504
59546 # 1504
59558 # 1504
59570 # 1504
59582 # 1504
59594 # 1504
59606 # 1504
59618 # 1504
59630 # 1504
59642 # 1504
59654 # 1504
59666 # 1504
59678 # 1504
59690 # 1504
59702 # 1504
59714 # 1504
59726 # 1504
59738 # 1504
59750 # 1504
59762 # 1504
59774 # 1504
59786 # 1504
59798 # 1504
59810 # 1504
59822 # 1504
59834 # 1504
59846 # 1504
59858 # 1504
59870 # 1504
59882 # 1504
59894 # 1504
59906 # 1504
59918 # 1504
59930 # 1504
59942 # 1504
59954 # 1504
59966 # 1504
59978 # 1504
59990 # 1504
60002 # 1504
60014 # 1504
60026 # 1504
60038 # 1504
60049 # 1504
60061 # 1504
60073 # 1504
60085 # 1504
60097 # 1504
60109 # 1504
60121 # 1504
60133 # 1504
60145 # 1504
60157 # 1504
60169 # 1504
60181 # 1504
60193 # 1504
60205 # 1504
60217 # 1504
60229 # 1504
60241 # 1504
60253 # 1504
60265 # 1504
60277 # 1504
60289 # 1504
60301 # 1504
60313 # 1504
60325 # 1504
60337 # 1504
60349 # 1504
60361 # 1504
60373 # 1504
60385 # 1504
60397 # 1504
60409 # 1504
60421 # 1504
60433 # 1504
60445 # 1504
60457 # 1504
60469 # 1504
60481 # 1504
60493 # 1504
60505 # 1504
60517 # 1504
60529 # 1504
60541 # 1504
60553 # 1504
60565 # 1504
60577 # 1504
60589 # 1504
60601 # 1504
60613 # 1504
60625 # 1504
60637 # 1504
60649 # 1504
60661 # 1504
60673 # 1504
60685 # 1504
60697 # 1504
60709 # 1504
60721 # 1504
60733 # 1504
60745 # 1504
60757 # 1504
60769 # 1504
60781 # 1504
60793 # 1504
60805 # 1504
60817 # 1504
60829 # 1504
60841 # 1504
60853 # 1504
60865 # 1504
60877 # 1504
60889 # 1504
60901 # 1504
60913 # 1504
60925 # 1504
60937 # 1504
60949 # 1504
60961 # 1504
60973 # 1504
60985 # 1504
60997 # 1504
61009 # 1504
61021 # 1504
61033 # 1504
61045 # 1504
61057 # 1504
61069 # 1504
61081 # 1504
61093 # 1504
61105 # 1504
61117 # 1504
61129 # 1504
61141 # 1504
61153 # 1504
61165 # 1504
61177 # 1504
61189 # 1504
61201 # 1504
61213 # 1504
61225 # 1504
61237 # 1504
61249 # 1504
61261 # 1504
61273 # 1504
61285 # 1504
61297 # 1504
61309 # 1504
