1744870524.243564
1744870524.544069
1744870524.844896
1744870525.147009
1744870525.448774
1744870525.749177
1744870526.052880
1744870526.353533
1744870526.655638
1744870526.956355
1744870527.256811
1744870527.560170
1744870527.860697
1744870528.164923
1744870528.465729
1744870528.767269
1744870529.068225
1744870529.369752
1744870529.671385
1744870529.971586
1744870530.324161
1744870530.625215
1744870530.926123
1744870531.227364
1744870531.528009
1744870531.828972
1744870532.129437
1744870532.432587
1744870532.734034
1744870533.035333
1744870533.336294
1744870533.637322
1744870533.939188
1744870534.240657
1744870534.543984
1744870534.848852
1744870535.150037
1744870535.450894
1744870535.751444
1744870536.053109
1744870536.354686
1744870536.656801
1744870536.957616
1744870537.259493
1744870537.561235
1744870537.862448
1744870538.163524
1744870538.464800
1744870538.765661
1744870539.066372
1744870539.373163
1744870539.674616
1744870539.975851
1744870540.276154
1744870540.577184
1744870540.878274
1744870541.180675
1744870541.482324
1744870541.785192
1744870542.088859
1744870542.389914
1744870542.690420
1744870542.990723
1744870543.292708
1744870543.593972
1744870543.895574
1744870544.196630
1744870544.498310
1744870544.799398
1744870545.100331
1744870545.400743
1744870545.700887
1744870546.001645
1744870546.302998
1744870546.604553
1744870546.905042
1744870547.207417
1744870547.508213
1744870547.811666
1744870548.113679
1744870548.415780
1744870548.717261
1744870549.054842
1744870549.355294
1744870549.656485
1744870549.957774
1744870550.258874
1744870550.566904
1744870550.867760
1744870551.168476
1744870551.469794
1744870551.770820
1744870552.072797
1744870552.373283
1744870552.674580
1744870552.976009
1744870553.281849
1744870553.583270
1744870553.885310
1744870554.190322
1744870554.491003
1744870554.791877
1744870555.092541
1744870555.393354
1744870555.696022
1744870555.997018
1744870556.303167
1744870556.603884
1744870556.905159
1744870557.207042
1744870557.507161
1744870557.807515
1744870558.110399
1744870558.411264
1744870558.712863
1744870559.013691
1744870559.315309
1744870559.615644
1744870559.916668
1744870560.217538
1744870560.517949
1744870560.819625
1744870561.120191
1744870561.422261
1744870561.723042
1744870562.024952
1744870562.325396
1744870562.626033
1744870562.927791
1744870563.228683
1744870563.529028
1744870563.829973
1744870564.130465
1744870564.432295
1744870564.732775
1744870565.033627
1744870565.334973
1744870565.638653
1744870565.939667
1744870566.240273
1744870566.551741
1744870566.852972
1744870567.155143
1744870567.456346
1744870567.757421
1744870568.058561
1744870568.359982
1744870568.660390
1744870568.960690
1744870569.261051
1744870569.562033
1744870569.863211
1744870570.164157
1744870570.465071
1744870570.767588
1744870571.068685
1744870571.369616
1744870571.670908
1744870571.971482
1744870572.272470
1744870572.577184
1744870572.878972
1744870573.179712
1744870573.480783
1744870573.781819
1744870574.083600
1744870574.385449
1744870574.687314
1744870574.995230
1744870575.295787
1744870575.597110
1744870575.897863
1744870576.198969
1744870576.502072
1744870576.803685
1744870577.104164
1744870577.404825
1744870577.705362
1744870578.007073
1744870578.309670
1744870578.610881
1744870578.911444
1744870579.212856
1744870579.513380
1744870579.815014
1744870580.116821
1744870580.417776
1744870580.720075
1744870581.020794
1744870581.321944
1744870581.622877
1744870581.923769
1744870582.224795
1744870582.525786
1744870582.826687
1744870583.127918
1744870583.428923
1744870583.729180
1744870584.029450
