1744870524.043020 1744870524.243564 200.54
1744870524.344125 1744870524.544069 199.94
1744870524.644806 1744870524.844896 200.09
1744870524.945849 1744870525.147009 201.16
1744870525.248962 1744870525.448774 199.81
1744870525.549439 1744870525.749177 199.74
1744870525.849931 1744870526.052880 202.95
1744870526.153449 1744870526.353533 200.08
1744870526.455788 1744870526.655638 199.85
1744870526.756451 1744870526.956355 199.90
1744870527.057056 1744870527.256811 199.75
1744870527.357879 1744870527.560170 202.29
1744870527.660820 1744870527.860697 199.88
1744870527.961425 1744870528.164923 203.50
1744870528.265471 1744870528.465729 200.26
1744870528.566720 1744870528.767269 200.55
1744870528.868515 1744870529.068225 199.71
1744870529.169250 1744870529.369752 200.50
1744870529.470471 1744870529.671385 200.91
1744870529.771872 1744870529.971586 199.71
1744870530.072263 1744870530.324161 251.90
1744870530.425079 1744870530.625215 200.14
1744870530.726097 1744870530.926123 200.03
1744870531.026904 1744870531.227364 200.46
1744870531.328110 1744870531.528009 199.90
1744870531.629141 1744870531.828972 199.83
1744870531.929482 1744870532.129437 199.95
1744870532.232288 1744870532.432587 200.30
1744870532.533218 1744870532.734034 200.82
1744870532.834895 1744870533.035333 200.44
1744870533.136110 1744870533.336294 200.18
1744870533.436922 1744870533.637322 200.40
1744870533.738368 1744870533.939188 200.82
1744870534.040222 1744870534.240657 200.44
1744870534.344018 1744870534.543984 199.97
1744870534.644583 1744870534.848852 204.27
1744870534.949572 1744870535.150037 200.46
1744870535.250696 1744870535.450894 200.20
1744870535.551740 1744870535.751444 199.70
1744870535.852495 1744870536.053109 200.61
1744870536.154312 1744870536.354686 200.37
1744870536.456607 1744870536.656801 200.19
1744870536.757311 1744870536.957616 200.30
1744870537.058464 1744870537.259493 201.03
1744870537.360295 1744870537.561235 200.94
1744870537.661835 1744870537.862448 200.61
1744870537.963512 1744870538.163524 200.01
1744870538.264482 1744870538.464800 200.32
1744870538.565364 1744870538.765661 200.30
1744870538.866281 1744870539.066372 200.09
1744870539.167389 1744870539.373163 205.77
1744870539.474329 1744870539.674616 200.29
1744870539.775598 1744870539.975851 200.25
1744870540.076315 1744870540.276154 199.84
1744870540.376985 1744870540.577184 200.20
1744870540.677964 1744870540.878274 200.31
1744870540.979126 1744870541.180675 201.55
1744870541.282043 1744870541.482324 200.28
1744870541.582952 1744870541.785192 202.24
1744870541.885893 1744870542.088859 202.97
1744870542.189899 1744870542.389914 200.02
1744870542.490655 1744870542.690420 199.76
1744870542.791075 1744870542.990723 199.65
1744870543.092010 1744870543.292708 200.70
1744870543.393210 1744870543.593972 200.76
1744870543.694817 1744870543.895574 200.76
1744870543.996234 1744870544.196630 200.40
1744870544.297299 1744870544.498310 201.01
1744870544.599387 1744870544.799398 200.01
1744870544.900749 1744870545.100331 199.58
1744870545.201133 1744870545.400743 199.61
1744870545.501077 1744870545.700887 199.81
1744870545.801440 1744870546.001645 200.21
1744870546.102540 1744870546.302998 200.46
1744870546.403845 1744870546.604553 200.71
1744870546.704988 1744870546.905042 200.05
1744870547.007729 1744870547.207417 199.69
1744870547.308209 1744870547.508213 200.00
1744870547.611455 1744870547.811666 200.21
1744870547.912238 1744870548.113679 201.44
1744870548.214683 1744870548.415780 201.10
1744870548.516694 1744870548.717261 200.57
1744870548.853221 1744870549.054842 201.62
1744870549.155251 1744870549.355294 200.04
1744870549.456199 1744870549.656485 200.29
1744870549.757357 1744870549.957774 200.42
1744870550.058422 1744870550.258874 200.45
1744870550.359382 1744870550.566904 207.52
1744870550.667304 1744870550.867760 200.46
1744870550.968386 1744870551.168476 200.09
1744870551.269656 1744870551.469794 200.14
1744870551.570569 1744870551.770820 200.25
1744870551.871874 1744870552.072797 200.92
1744870552.173282 1744870552.373283 200.00
1744870552.473915 1744870552.674580 200.66
1744870552.776377 1744870552.976009 199.63
1744870553.081074 1744870553.281849 200.77
1744870553.383338 1744870553.583270 199.93
1744870553.683747 1744870553.885310 201.56
1744870553.986491 1744870554.190322 203.83
1744870554.290932 1744870554.491003 200.07
1744870554.591798 1744870554.791877 200.08
1744870554.892478 1744870555.092541 200.06
1744870555.192963 1744870555.393354 200.39
1744870555.495263 1744870555.696022 200.76
1744870555.796448 1744870555.997018 200.57
1744870556.101666 1744870556.303167 201.50
1744870556.403563 1744870556.603884 200.32
1744870556.704740 1744870556.905159 200.42
1744870557.005792 1744870557.207042 201.25
1744870557.307475 1744870557.507161 199.69
1744870557.607674 1744870557.807515 199.84
1744870557.909453 1744870558.110399 200.95
1744870558.211245 1744870558.411264 200.02
1744870558.512538 1744870558.712863 200.33
1744870558.813898 1744870559.013691 199.79
1744870559.114733 1744870559.315309 200.58
1744870559.415947 1744870559.615644 199.70
1744870559.716317 1744870559.916668 200.35
1744870560.017649 1744870560.217538 199.89
1744870560.318135 1744870560.517949 199.81
1744870560.618524 1744870560.819625 201.10
1744870560.920005 1744870561.120191 200.19
1744870561.221091 1744870561.422261 201.17
1744870561.522853 1744870561.723042 200.19
1744870561.824693 1744870562.024952 200.26
1744870562.125428 1744870562.325396 199.97
1744870562.425781 1744870562.626033 200.25
1744870562.727202 1744870562.927791 200.59
1744870563.028250 1744870563.228683 200.43
1744870563.329149 1744870563.529028 199.88
1744870563.630125 1744870563.829973 199.85
1744870563.930760 1744870564.130465 199.71
1744870564.231272 1744870564.432295 201.02
1744870564.532763 1744870564.732775 200.01
1744870564.833460 1744870565.033627 200.17
1744870565.134442 1744870565.334973 200.53
1744870565.436073 1744870565.638653 202.58
1744870565.739764 1744870565.939667 199.90
1744870566.040258 1744870566.240273 200.02
1744870566.349425 1744870566.551741 202.32
1744870566.652856 1744870566.852972 200.12
1744870566.953812 1744870567.155143 201.33
1744870567.256124 1744870567.456346 200.22
1744870567.556906 1744870567.757421 200.52
1744870567.858261 1744870568.058561 200.30
1744870568.158892 1744870568.359982 201.09
1744870568.460587 1744870568.660390 199.80
1744870568.761119 1744870568.960690 199.57
1744870569.061177 1744870569.261051 199.87
1744870569.361945 1744870569.562033 200.09
1744870569.663154 1744870569.863211 200.06
1744870569.964357 1744870570.164157 199.80
1744870570.265058 1744870570.465071 200.01
1744870570.566153 1744870570.767588 201.43
1744870570.868597 1744870571.068685 200.09
1744870571.169731 1744870571.369616 199.89
1744870571.470564 1744870571.670908 200.34
1744870571.771462 1744870571.971482 200.02
1744870572.072122 1744870572.272470 200.35
1744870572.373147 1744870572.577184 204.04
1744870572.677998 1744870572.878972 200.97
1744870572.979645 1744870573.179712 200.07
1744870573.280577 1744870573.480783 200.21
1744870573.581381 1744870573.781819 200.44
1744870573.883171 1744870574.083600 200.43
1744870574.184526 1744870574.385449 200.92
1744870574.487162 1744870574.687314 200.15
1744870574.790534 1744870574.995230 204.70
1744870575.095939 1744870575.295787 199.85
1744870575.396380 1744870575.597110 200.73
1744870575.697800 1744870575.897863 200.06
1744870575.998601 1744870576.198969 200.37
1744870576.299733 1744870576.502072 202.34
1744870576.602412 1744870576.803685 201.27
1744870576.904364 1744870577.104164 199.80
1744870577.204693 1744870577.404825 200.13
1744870577.505482 1744870577.705362 199.88
1744870577.806844 1744870578.007073 200.23
1744870578.109621 1744870578.309670 200.05
1744870578.410267 1744870578.610881 200.61
1744870578.711658 1744870578.911444 199.79
1744870579.012421 1744870579.212856 200.44
1744870579.313264 1744870579.513380 200.12
1744870579.615048 1744870579.815014 199.97
1744870579.916467 1744870580.116821 200.35
1744870580.217922 1744870580.417776 199.85
1744870580.519974 1744870580.720075 200.10
1744870580.820766 1744870581.020794 200.03
1744870581.121336 1744870581.321944 200.61
1744870581.422492 1744870581.622877 200.38
1744870581.723677 1744870581.923769 200.09
1744870582.024430 1744870582.224795 200.37
1744870582.325483 1744870582.525786 200.30
1744870582.626581 1744870582.826687 200.11
1744870582.927540 1744870583.127918 200.38
1744870583.228458 1744870583.428923 200.46
1744870583.529515 1744870583.729180 199.67
1744870583.829781 1744870584.029450 199.67
