1744870524.043020
1744870524.344125
1744870524.644806
1744870524.945849
1744870525.248962
1744870525.549439
1744870525.849931
1744870526.153449
1744870526.455788
1744870526.756451
1744870527.057056
1744870527.357879
1744870527.660820
1744870527.961425
1744870528.265471
1744870528.566720
1744870528.868515
1744870529.169250
1744870529.470471
1744870529.771872
1744870530.072263
1744870530.425079
1744870530.726097
1744870531.026904
1744870531.328110
1744870531.629141
1744870531.929482
1744870532.232288
1744870532.533218
1744870532.834895
1744870533.136110
1744870533.436922
1744870533.738368
1744870534.040222
1744870534.344018
1744870534.644583
1744870534.949572
1744870535.250696
1744870535.551740
1744870535.852495
1744870536.154312
1744870536.456607
1744870536.757311
1744870537.058464
1744870537.360295
1744870537.661835
1744870537.963512
1744870538.264482
1744870538.565364
1744870538.866281
1744870539.167389
1744870539.474329
1744870539.775598
1744870540.076315
1744870540.376985
1744870540.677964
1744870540.979126
1744870541.282043
1744870541.582952
1744870541.885893
1744870542.189899
1744870542.490655
1744870542.791075
1744870543.092010
1744870543.393210
1744870543.694817
1744870543.996234
1744870544.297299
1744870544.599387
1744870544.900749
1744870545.201133
1744870545.501077
1744870545.801440
1744870546.102540
1744870546.403845
1744870546.704988
1744870547.007729
1744870547.308209
1744870547.611455
1744870547.912238
1744870548.214683
1744870548.516694
1744870548.853221
1744870549.155251
1744870549.456199
1744870549.757357
1744870550.058422
1744870550.359382
1744870550.667304
1744870550.968386
1744870551.269656
1744870551.570569
1744870551.871874
1744870552.173282
1744870552.473915
1744870552.776377
1744870553.081074
1744870553.383338
1744870553.683747
1744870553.986491
1744870554.290932
1744870554.591798
1744870554.892478
1744870555.192963
1744870555.495263
1744870555.796448
1744870556.101666
1744870556.403563
1744870556.704740
1744870557.005792
1744870557.307475
1744870557.607674
1744870557.909453
1744870558.211245
1744870558.512538
1744870558.813898
1744870559.114733
1744870559.415947
1744870559.716317
1744870560.017649
1744870560.318135
1744870560.618524
1744870560.920005
1744870561.221091
1744870561.522853
1744870561.824693
1744870562.125428
1744870562.425781
1744870562.727202
1744870563.028250
1744870563.329149
1744870563.630125
1744870563.930760
1744870564.231272
1744870564.532763
1744870564.833460
1744870565.134442
1744870565.436073
1744870565.739764
1744870566.040258
1744870566.349425
1744870566.652856
1744870566.953812
1744870567.256124
1744870567.556906
1744870567.858261
1744870568.158892
1744870568.460587
1744870568.761119
1744870569.061177
1744870569.361945
1744870569.663154
1744870569.964357
1744870570.265058
1744870570.566153
1744870570.868597
1744870571.169731
1744870571.470564
1744870571.771462
1744870572.072122
1744870572.373147
1744870572.677998
1744870572.979645
1744870573.280577
1744870573.581381
1744870573.883171
1744870574.184526
1744870574.487162
1744870574.790534
1744870575.095939
1744870575.396380
1744870575.697800
1744870575.998601
1744870576.299733
1744870576.602412
1744870576.904364
1744870577.204693
1744870577.505482
1744870577.806844
1744870578.109621
1744870578.410267
1744870578.711658
1744870579.012421
1744870579.313264
1744870579.615048
1744870579.916467
1744870580.217922
1744870580.519974
1744870580.820766
1744870581.121336
1744870581.422492
1744870581.723677
1744870582.024430
1744870582.325483
1744870582.626581
1744870582.927540
1744870583.228458
1744870583.529515
1744870583.829781
